<?xml version="1.0" encoding="utf-8"?>
<TestRun id="2f629eb1-6f0b-4f3f-a435-94bafce2b9f0" name="islam@MONTAHERUL 2026-06-19 00:33:54" runUser="MONTAHERUL\islam" xmlns="http://microsoft.com/schemas/VisualStudio/TeamTest/2010">
  <Times creation="2026-06-19T00:33:54.3634808+06:00" queuing="2026-06-19T00:33:54.3634810+06:00" start="2026-06-19T00:33:53.7588890+06:00" finish="2026-06-19T00:33:56.0625831+06:00" />
  <TestSettings name="default" id="964bc10a-8556-4163-83ec-758bcf13e68c">
    <Deployment runDeploymentRoot="islam_MONTAHERUL_2026-06-19_00_33_54" />
  </TestSettings>
  <Results>
    <UnitTestResult executionId="3464cf51-d428-4dd8-ac64-18b5de1d24b7" testId="87ef6bc9-a723-7c5f-5fd7-25bc5680a7b9" testName="SchoolManagementSystem.Tests.Services.NctbCurriculumTests.Class9To10_HumanitiesGroup_MatchNCTB" computerName="MONTAHERUL" duration="00:00:00.0001134" startTime="2026-06-19T00:33:54.3660603+06:00" endTime="2026-06-19T00:33:54.3660604+06:00" testType="13cdc9d9-ddb5-4fa4-a97d-d965ccfc6d4b" outcome="Passed" testListId="8c84fa94-04c1-424b-9868-57a2d4851a1d" relativeResultsDirectory="3464cf51-d428-4dd8-ac64-18b5de1d24b7" />
    <UnitTestResult executionId="5f1e4084-7f82-4fb4-8bab-e5a7743cd06e" testId="6b56f647-ac4c-b9ee-5007-9bd7cd320e08" testName="26. ResultWorkflowStatus includes Locked (value 3)" computerName="MONTAHERUL" duration="00:00:00.0000491" startTime="2026-06-19T00:33:54.5068191+06:00" endTime="2026-06-19T00:33:54.5068191+06:00" testType="13cdc9d9-ddb5-4fa4-a97d-d965ccfc6d4b" outcome="Passed" testListId="8c84fa94-04c1-424b-9868-57a2d4851a1d" relativeResultsDirectory="5f1e4084-7f82-4fb4-8bab-e5a7743cd06e" />
    <UnitTestResult executionId="7f1f77db-2cbd-4cc4-ae0f-6c9d25c49211" testId="514e8a61-43fd-b0a3-8056-7510c39d8474" testName="3b. Business subjects MUST NOT appear in Science group" computerName="MONTAHERUL" duration="00:00:00.0002771" startTime="2026-06-19T00:33:54.5173175+06:00" endTime="2026-06-19T00:33:54.5173176+06:00" testType="13cdc9d9-ddb5-4fa4-a97d-d965ccfc6d4b" outcome="Passed" testListId="8c84fa94-04c1-424b-9868-57a2d4851a1d" relativeResultsDirectory="7f1f77db-2cbd-4cc4-ae0f-6c9d25c49211" />
    <UnitTestResult executionId="02f71a55-2c18-4706-b047-5c01824700eb" testId="b8f8f1c1-d43e-1332-f51f-d69a365809c2" testName="SchoolManagementSystem.Tests.Services.NctbCurriculumTests.GpaCalculation_ExcludeReligion_RemovesReligionFromGPA" computerName="MONTAHERUL" duration="00:00:00.0005314" startTime="2026-06-19T00:33:54.3660768+06:00" endTime="2026-06-19T00:33:54.3660769+06:00" testType="13cdc9d9-ddb5-4fa4-a97d-d965ccfc6d4b" outcome="Passed" testListId="8c84fa94-04c1-424b-9868-57a2d4851a1d" relativeResultsDirectory="02f71a55-2c18-4706-b047-5c01824700eb" />
    <UnitTestResult executionId="926f3480-105a-4080-ad60-a74157a7cda8" testId="eb91f9dc-24d4-c740-3c1d-c1f2e2ccf5cb" testName="Student routes to Student dashboard, not Accountant" computerName="MONTAHERUL" duration="00:00:00.0010594" startTime="2026-06-19T00:33:54.4101302+06:00" endTime="2026-06-19T00:33:54.4101302+06:00" testType="13cdc9d9-ddb5-4fa4-a97d-d965ccfc6d4b" outcome="Passed" testListId="8c84fa94-04c1-424b-9868-57a2d4851a1d" relativeResultsDirectory="926f3480-105a-4080-ad60-a74157a7cda8" />
    <UnitTestResult executionId="342aea1f-b2bd-4b80-bc1e-14697c5a6fff" testId="7a01259b-137d-a5e8-053d-1d6a9f84daff" testName="4. Cancelled does not exist" computerName="MONTAHERUL" duration="00:00:00.0100167" startTime="2026-06-19T00:33:54.3637742+06:00" endTime="2026-06-19T00:33:54.3637743+06:00" testType="13cdc9d9-ddb5-4fa4-a97d-d965ccfc6d4b" outcome="Passed" testListId="8c84fa94-04c1-424b-9868-57a2d4851a1d" relativeResultsDirectory="342aea1f-b2bd-4b80-bc1e-14697c5a6fff" />
    <UnitTestResult executionId="2a077d01-6952-43e4-a9e8-e80237dee5f6" testId="1d06a94f-d2b0-5716-ab00-f1c5b0ef1065" testName="1. ComponentMarksDto stores and retrieves values by code" computerName="MONTAHERUL" duration="00:00:00.0001637" startTime="2026-06-19T00:33:54.4295759+06:00" endTime="2026-06-19T00:33:54.4295759+06:00" testType="13cdc9d9-ddb5-4fa4-a97d-d965ccfc6d4b" outcome="Passed" testListId="8c84fa94-04c1-424b-9868-57a2d4851a1d" relativeResultsDirectory="2a077d01-6952-43e4-a9e8-e80237dee5f6" />
    <UnitTestResult executionId="af27f9c2-b251-4d70-9040-f32bb26610ea" testId="b5225144-edb6-1f8c-4aa0-876c56a680e7" testName="25. ResultWorkflowStatus includes Approved (value 4)" computerName="MONTAHERUL" duration="00:00:00.0000545" startTime="2026-06-19T00:33:54.6321259+06:00" endTime="2026-06-19T00:33:54.6321260+06:00" testType="13cdc9d9-ddb5-4fa4-a97d-d965ccfc6d4b" outcome="Passed" testListId="8c84fa94-04c1-424b-9868-57a2d4851a1d" relativeResultsDirectory="af27f9c2-b251-4d70-9040-f32bb26610ea" />
    <UnitTestResult executionId="e455d652-9992-45bf-9a72-13cc1c03ef5d" testId="5597c89f-c61f-3b4b-c0fa-e852a5c9cc7f" testName="5a. Muslim student gets only IRE (Islam) subject(religion: &quot;Hindu&quot;, expectedCode: &quot;HRE&quot;, expectedSubjectId: 31)" computerName="MONTAHERUL" duration="00:00:00.0000087" startTime="2026-06-19T00:33:54.4672094+06:00" endTime="2026-06-19T00:33:54.4672095+06:00" testType="13cdc9d9-ddb5-4fa4-a97d-d965ccfc6d4b" outcome="Passed" testListId="8c84fa94-04c1-424b-9868-57a2d4851a1d" relativeResultsDirectory="e455d652-9992-45bf-9a72-13cc1c03ef5d" />
    <UnitTestResult executionId="e3b6afb7-c90e-4a6b-8ddb-cdd104eb7840" testId="f89ba35d-1c3c-0723-e974-5821dbd91218" testName="SchoolManagementSystem.Tests.Services.NctbCurriculumTests.Class6To8_Subjects_MatchNCTB" computerName="MONTAHERUL" duration="00:00:00.0002838" startTime="2026-06-19T00:33:54.3660939+06:00" endTime="2026-06-19T00:33:54.3660939+06:00" testType="13cdc9d9-ddb5-4fa4-a97d-d965ccfc6d4b" outcome="Passed" testListId="8c84fa94-04c1-424b-9868-57a2d4851a1d" relativeResultsDirectory="e3b6afb7-c90e-4a6b-8ddb-cdd104eb7840" />
    <UnitTestResult executionId="f670e70a-0c58-4196-bb6a-3e1356e50d68" testId="57528350-6481-a980-1ac8-cad7bf72dfd4" testName="1j. Transcript includes PROJECT marks in academic history" computerName="MONTAHERUL" duration="00:00:00.0065462" startTime="2026-06-19T00:33:54.5024128+06:00" endTime="2026-06-19T00:33:54.5024130+06:00" testType="13cdc9d9-ddb5-4fa4-a97d-d965ccfc6d4b" outcome="Passed" testListId="8c84fa94-04c1-424b-9868-57a2d4851a1d" relativeResultsDirectory="f670e70a-0c58-4196-bb6a-3e1356e50d68" />
    <UnitTestResult executionId="3b946b5a-8445-4c70-bfe1-73cd609ae049" testId="1c717f66-2a37-5400-57ef-5c181f7c6ebb" testName="SchoolManagementSystem.Tests.Services.Phase31B_SubjectComponentAssignmentTests.GetComponentPreviewsAsync_ReturnsCorrectBanglaBreakdown" computerName="MONTAHERUL" duration="00:00:00.0029600" startTime="2026-06-19T00:33:54.6037665+06:00" endTime="2026-06-19T00:33:54.6037665+06:00" testType="13cdc9d9-ddb5-4fa4-a97d-d965ccfc6d4b" outcome="Passed" testListId="8c84fa94-04c1-424b-9868-57a2d4851a1d" relativeResultsDirectory="3b946b5a-8445-4c70-bfe1-73cd609ae049" />
    <UnitTestResult executionId="cae383d4-9f0a-4f38-b81c-50805d38f31c" testId="fd39c481-4667-1eb0-6313-f6be22c4f6f3" testName="8. Results list is ordered by exam descending" computerName="MONTAHERUL" duration="00:00:00.0002512" startTime="2026-06-19T00:33:54.4007754+06:00" endTime="2026-06-19T00:33:54.4007755+06:00" testType="13cdc9d9-ddb5-4fa4-a97d-d965ccfc6d4b" outcome="Passed" testListId="8c84fa94-04c1-424b-9868-57a2d4851a1d" relativeResultsDirectory="cae383d4-9f0a-4f38-b81c-50805d38f31c" />
    <UnitTestResult executionId="60bb779e-0667-420e-b54c-796dd9af1082" testId="cab4258a-a3e4-6307-9cd4-bf4cb2eb2495" testName="SchoolManagementSystem.Tests.Services.CalendarPermissionTests.CalendarRepair_PermissionCode_IsValid" computerName="MONTAHERUL" duration="00:00:00.0000791" startTime="2026-06-19T00:33:54.3627803+06:00" endTime="2026-06-19T00:33:54.3627803+06:00" testType="13cdc9d9-ddb5-4fa4-a97d-d965ccfc6d4b" outcome="Passed" testListId="8c84fa94-04c1-424b-9868-57a2d4851a1d" relativeResultsDirectory="60bb779e-0667-420e-b54c-796dd9af1082" />
    <UnitTestResult executionId="e93cad6c-1b5b-431a-8149-cfcaac2efb09" testId="becd1250-412b-d4ad-7f62-1fa244f74d78" testName="SchoolManagementSystem.Tests.Services.CalendarDashboardTests.UpcomingEventDto_DayOfWeek_IsCorrect" computerName="MONTAHERUL" duration="00:00:00.0004550" startTime="2026-06-19T00:33:54.4301974+06:00" endTime="2026-06-19T00:33:54.4301975+06:00" testType="13cdc9d9-ddb5-4fa4-a97d-d965ccfc6d4b" outcome="Passed" testListId="8c84fa94-04c1-424b-9868-57a2d4851a1d" relativeResultsDirectory="e93cad6c-1b5b-431a-8149-cfcaac2efb09" />
    <UnitTestResult executionId="a70b1cfe-859f-4b31-a339-8c271c7ac477" testId="194b7cb8-5cb7-07d3-b663-b922125c6efc" testName="SchoolManagementSystem.Tests.Services.HolidayProviderTests.GetBuddhistHolidays_For2026_ReturnsBuddhaPurnima" computerName="MONTAHERUL" duration="00:00:00.0003816" startTime="2026-06-19T00:33:54.4113678+06:00" endTime="2026-06-19T00:33:54.4113679+06:00" testType="13cdc9d9-ddb5-4fa4-a97d-d965ccfc6d4b" outcome="Passed" testListId="8c84fa94-04c1-424b-9868-57a2d4851a1d" relativeResultsDirectory="a70b1cfe-859f-4b31-a339-8c271c7ac477" />
    <UnitTestResult executionId="078f5659-844f-40c8-948e-d34e1b923033" testId="248fa09b-b0c3-c98c-7e8d-c5b4ef520f43" testName="47. StudentMarkDataDto replaces Dictionary ComponentValues with ComponentMarks" computerName="MONTAHERUL" duration="00:00:00.0022429" startTime="2026-06-19T00:33:54.3634142+06:00" endTime="2026-06-19T00:33:54.3634142+06:00" testType="13cdc9d9-ddb5-4fa4-a97d-d965ccfc6d4b" outcome="Passed" testListId="8c84fa94-04c1-424b-9868-57a2d4851a1d" relativeResultsDirectory="078f5659-844f-40c8-948e-d34e1b923033" />
    <UnitTestResult executionId="d59cdce7-6313-4f82-b228-2562970b4b6d" testId="9dc647f2-e46c-27bb-9fb4-4cddf924d610" testName="SchoolManagementSystem.Tests.Services.CalendarOperationalTests.GenerateYearAsync_DatesAreConsecutive" computerName="MONTAHERUL" duration="00:00:00.0139548" startTime="2026-06-19T00:33:54.4862577+06:00" endTime="2026-06-19T00:33:54.4862577+06:00" testType="13cdc9d9-ddb5-4fa4-a97d-d965ccfc6d4b" outcome="Passed" testListId="8c84fa94-04c1-424b-9868-57a2d4851a1d" relativeResultsDirectory="d59cdce7-6313-4f82-b228-2562970b4b6d" />
    <UnitTestResult executionId="3064bbd5-e27d-4b2c-b023-4bac96c228c0" testId="2db0c1c1-e8be-3118-4bef-f52219530fe0" testName="SchoolManagementSystem.Tests.Services.Phase31B_SubjectComponentAssignmentTests.ExamSubjectService_SetupSubjectsAsync_ValidatesSubjectMarkStructure" computerName="MONTAHERUL" duration="00:00:00.0042254" startTime="2026-06-19T00:33:54.6007775+06:00" endTime="2026-06-19T00:33:54.6007776+06:00" testType="13cdc9d9-ddb5-4fa4-a97d-d965ccfc6d4b" outcome="Passed" testListId="8c84fa94-04c1-424b-9868-57a2d4851a1d" relativeResultsDirectory="3064bbd5-e27d-4b2c-b023-4bac96c228c0" />
    <UnitTestResult executionId="073a13f0-ed95-4a0a-849d-244ccdd6e323" testId="5ebf2f1f-f9d4-91d3-ac8b-1a2314a8745e" testName="SchoolManagementSystem.Tests.Services.NctbCurriculumTests.GpaCalculation_IncludeReligion_CountsReligionInGPA" computerName="MONTAHERUL" duration="00:00:00.0003604" startTime="2026-06-19T00:33:54.3665177+06:00" endTime="2026-06-19T00:33:54.3665178+06:00" testType="13cdc9d9-ddb5-4fa4-a97d-d965ccfc6d4b" outcome="Passed" testListId="8c84fa94-04c1-424b-9868-57a2d4851a1d" relativeResultsDirectory="073a13f0-ed95-4a0a-849d-244ccdd6e323" />
    <UnitTestResult executionId="d5e7c728-20a6-4500-87b2-553cad9b5a7e" testId="2331d543-be40-e866-387a-1de8aead2657" testName="SchoolManagementSystem.Tests.Services.HolidayMasterServiceTests.ActivateAsync_SetsIsActiveTrue" computerName="MONTAHERUL" duration="00:00:00.0027521" startTime="2026-06-19T00:33:54.4676167+06:00" endTime="2026-06-19T00:33:54.4676168+06:00" testType="13cdc9d9-ddb5-4fa4-a97d-d965ccfc6d4b" outcome="Passed" testListId="8c84fa94-04c1-424b-9868-57a2d4851a1d" relativeResultsDirectory="d5e7c728-20a6-4500-87b2-553cad9b5a7e" />
    <UnitTestResult executionId="6f693d4a-70a9-4d95-ae73-780f90cec91f" testId="58856f78-7b3e-eaea-6ee4-bfb864ae4caf" testName="4a. Student A has AGR as optional subject" computerName="MONTAHERUL" duration="00:00:00.0000993" startTime="2026-06-19T00:33:54.5100608+06:00" endTime="2026-06-19T00:33:54.5100609+06:00" testType="13cdc9d9-ddb5-4fa4-a97d-d965ccfc6d4b" outcome="Passed" testListId="8c84fa94-04c1-424b-9868-57a2d4851a1d" relativeResultsDirectory="6f693d4a-70a9-4d95-ae73-780f90cec91f" />
    <UnitTestResult executionId="47b29414-c07a-4093-a561-2668c729f38b" testId="0503ad6d-36e4-aad3-47a9-2ccad15c06c6" testName="SchoolManagementSystem.Tests.Services.FailSubjectTests.DeterminePassFail_FailedOptional_StillPasses" computerName="MONTAHERUL" duration="00:00:00.0004197" startTime="2026-06-19T00:33:54.3638816+06:00" endTime="2026-06-19T00:33:54.3638816+06:00" testType="13cdc9d9-ddb5-4fa4-a97d-d965ccfc6d4b" outcome="Passed" testListId="8c84fa94-04c1-424b-9868-57a2d4851a1d" relativeResultsDirectory="47b29414-c07a-4093-a561-2668c729f38b" />
    <UnitTestResult executionId="4e1129c4-ca1c-4a1e-8ffe-bb8c525a0ccb" testId="2e88e817-36fd-cd41-53bd-7cfafbfab70f" testName="SchoolManagementSystem.Tests.Services.NctbCurriculumTests.ReligionMapping_AllReligionsMapToCorrectSubject(religion: &quot;Hindu&quot;, expectedSubjectId: 31)" computerName="MONTAHERUL" duration="00:00:00.0001471" startTime="2026-06-19T00:33:54.3656797+06:00" endTime="2026-06-19T00:33:54.3656798+06:00" testType="13cdc9d9-ddb5-4fa4-a97d-d965ccfc6d4b" outcome="Passed" testListId="8c84fa94-04c1-424b-9868-57a2d4851a1d" relativeResultsDirectory="4e1129c4-ca1c-4a1e-8ffe-bb8c525a0ccb" />
    <UnitTestResult executionId="1ed760c4-90e1-462b-86ef-b43fa7d77985" testId="dec53939-af08-90fd-b496-d6d9c6929e91" testName="SchoolManagementSystem.Tests.Services.HolidayMasterServiceTests.DeleteAsync_ExistingId_SoftDeletes" computerName="MONTAHERUL" duration="00:00:00.0019809" startTime="2026-06-19T00:33:54.4504938+06:00" endTime="2026-06-19T00:33:54.4504940+06:00" testType="13cdc9d9-ddb5-4fa4-a97d-d965ccfc6d4b" outcome="Passed" testListId="8c84fa94-04c1-424b-9868-57a2d4851a1d" relativeResultsDirectory="1ed760c4-90e1-462b-86ef-b43fa7d77985" />
    <UnitTestResult executionId="58e5ef67-8fb9-418d-8811-45f5bad54c3c" testId="b4eb4974-f0c2-7558-9c7b-6b21e5f03504" testName="SchoolManagementSystem.Tests.Services.NctbCurriculumTests.TeacherAssignment_SupportsGroupBasedFiltering" computerName="MONTAHERUL" duration="00:00:00.0014627" startTime="2026-06-19T00:33:54.3664638+06:00" endTime="2026-06-19T00:33:54.3664638+06:00" testType="13cdc9d9-ddb5-4fa4-a97d-d965ccfc6d4b" outcome="Passed" testListId="8c84fa94-04c1-424b-9868-57a2d4851a1d" relativeResultsDirectory="58e5ef67-8fb9-418d-8811-45f5bad54c3c" />
    <UnitTestResult executionId="4c4a5868-fa3a-4f88-af54-ee9ef73ce138" testId="adc2fa27-4e13-6d3f-8447-cfaf0c1be73b" testName="SchoolManagementSystem.Tests.Services.FailSubjectTests.DeterminePassFail_AllFailed_Fails" computerName="MONTAHERUL" duration="00:00:00.0002492" startTime="2026-06-19T00:33:54.3633017+06:00" endTime="2026-06-19T00:33:54.3633018+06:00" testType="13cdc9d9-ddb5-4fa4-a97d-d965ccfc6d4b" outcome="Passed" testListId="8c84fa94-04c1-424b-9868-57a2d4851a1d" relativeResultsDirectory="4c4a5868-fa3a-4f88-af54-ee9ef73ce138" />
    <UnitTestResult executionId="a52e9a51-ef93-445c-ac39-d13c9ab9a8ff" testId="a57c1a42-73b1-8e9c-47ac-80dc8cf8441d" testName="9. ProcessClassPromotionAsync wraps in transaction" computerName="MONTAHERUL" duration="00:00:00.0026340" startTime="2026-06-19T00:33:54.6353613+06:00" endTime="2026-06-19T00:33:54.6353614+06:00" testType="13cdc9d9-ddb5-4fa4-a97d-d965ccfc6d4b" outcome="Passed" testListId="8c84fa94-04c1-424b-9868-57a2d4851a1d" relativeResultsDirectory="a52e9a51-ef93-445c-ac39-d13c9ab9a8ff" />
    <UnitTestResult executionId="ea6b2785-0aa7-42f5-830a-d4980e9096cd" testId="ae0a9d45-3518-ea42-a921-35050c973267" testName="1. DbInitializer seeds Exam Controller role with Id=27" computerName="MONTAHERUL" duration="00:00:00.0002204" startTime="2026-06-19T00:33:54.5508980+06:00" endTime="2026-06-19T00:33:54.5508981+06:00" testType="13cdc9d9-ddb5-4fa4-a97d-d965ccfc6d4b" outcome="Passed" testListId="8c84fa94-04c1-424b-9868-57a2d4851a1d" relativeResultsDirectory="ea6b2785-0aa7-42f5-830a-d4980e9096cd" />
    <UnitTestResult executionId="e054a551-8507-4314-bd34-13e85b68b999" testId="69ab7adf-a338-b3a8-1685-65a7ea9a2dac" testName="SchoolManagementSystem.Tests.Services.Phase31B_SubjectComponentAssignmentTests.ExamSubjectService_SetupSubjectsAsync_ThrowsWhenTeacherNotAssigned" computerName="MONTAHERUL" duration="00:00:00.0027027" startTime="2026-06-19T00:33:54.6104849+06:00" endTime="2026-06-19T00:33:54.6104851+06:00" testType="13cdc9d9-ddb5-4fa4-a97d-d965ccfc6d4b" outcome="Passed" testListId="8c84fa94-04c1-424b-9868-57a2d4851a1d" relativeResultsDirectory="e054a551-8507-4314-bd34-13e85b68b999" />
    <UnitTestResult executionId="6f0be82f-0e0d-404e-bf56-d0c48531b05c" testId="e9a08631-74bb-731a-5734-fae448bc46f3" testName="4. RejectAsync throws when already Rejected" computerName="MONTAHERUL" duration="00:00:00.0008358" startTime="2026-06-19T00:33:54.6023571+06:00" endTime="2026-06-19T00:33:54.6023572+06:00" testType="13cdc9d9-ddb5-4fa4-a97d-d965ccfc6d4b" outcome="Passed" testListId="8c84fa94-04c1-424b-9868-57a2d4851a1d" relativeResultsDirectory="6f0be82f-0e0d-404e-bf56-d0c48531b05c" />
    <UnitTestResult executionId="8c50eb3d-70ae-4553-a15a-a01be62f33bc" testId="cfc7a80b-3957-98ac-702b-c34ed9f29ee1" testName="SchoolManagementSystem.Tests.Services.CalendarDashboardTests.GetUpcomingEventsAsync_ReturnsUpcomingEvents" computerName="MONTAHERUL" duration="00:00:00.0021170" startTime="2026-06-19T00:33:54.4296875+06:00" endTime="2026-06-19T00:33:54.4296876+06:00" testType="13cdc9d9-ddb5-4fa4-a97d-d965ccfc6d4b" outcome="Passed" testListId="8c84fa94-04c1-424b-9868-57a2d4851a1d" relativeResultsDirectory="8c50eb3d-70ae-4553-a15a-a01be62f33bc" />
    <UnitTestResult executionId="ea5eb9eb-260c-4f01-9841-bbd720f514b8" testId="47084813-1c48-9e32-8bde-a647c5d7ceb5" testName="12. ComponentFieldMapper.ApplyToEntity all 12 standard fields" computerName="MONTAHERUL" duration="00:00:00.0010797" startTime="2026-06-19T00:33:54.4247069+06:00" endTime="2026-06-19T00:33:54.4247070+06:00" testType="13cdc9d9-ddb5-4fa4-a97d-d965ccfc6d4b" outcome="Passed" testListId="8c84fa94-04c1-424b-9868-57a2d4851a1d" relativeResultsDirectory="ea5eb9eb-260c-4f01-9841-bbd720f514b8" />
    <UnitTestResult executionId="c2952b5f-5745-4641-b8a4-1c91bc70e176" testId="a7915e32-62bf-c880-aedb-ff108e126af2" testName="16. Expected role names match inventory (15 roles)" computerName="MONTAHERUL" duration="00:00:00.0001219" startTime="2026-06-19T00:33:54.5499054+06:00" endTime="2026-06-19T00:33:54.5499055+06:00" testType="13cdc9d9-ddb5-4fa4-a97d-d965ccfc6d4b" outcome="Passed" testListId="8c84fa94-04c1-424b-9868-57a2d4851a1d" relativeResultsDirectory="c2952b5f-5745-4641-b8a4-1c91bc70e176" />
    <UnitTestResult executionId="f15f09cf-2f6d-4a56-966a-1e56eb669f21" testId="361da514-8301-e8a1-44c8-fe0dfd931959" testName="9. ComponentFieldMapper.FromEntity extracts all 12 standard fields" computerName="MONTAHERUL" duration="00:00:00.0013172" startTime="2026-06-19T00:33:54.4309392+06:00" endTime="2026-06-19T00:33:54.4309393+06:00" testType="13cdc9d9-ddb5-4fa4-a97d-d965ccfc6d4b" outcome="Passed" testListId="8c84fa94-04c1-424b-9868-57a2d4851a1d" relativeResultsDirectory="f15f09cf-2f6d-4a56-966a-1e56eb669f21" />
    <UnitTestResult executionId="c655fbd1-2ca2-46c3-93dc-5569ed9d89f7" testId="4b29b206-9416-44f0-ad06-dd33085cb09c" testName="SchoolManagementSystem.Tests.Services.WorkflowStatusTests.ResultWorkflowStatus_Submitted_IsTwo" computerName="MONTAHERUL" duration="00:00:00.0000677" startTime="2026-06-19T00:33:54.3516645+06:00" endTime="2026-06-19T00:33:54.3516645+06:00" testType="13cdc9d9-ddb5-4fa4-a97d-d965ccfc6d4b" outcome="Passed" testListId="8c84fa94-04c1-424b-9868-57a2d4851a1d" relativeResultsDirectory="c655fbd1-2ca2-46c3-93dc-5569ed9d89f7" />
    <UnitTestResult executionId="76a03f51-651a-4f43-8597-a5d6af3148de" testId="f8faf10e-313f-bb22-b21c-da068e26cf72" testName="52. ComponentMarksDto ToDictionary round-trip is fast" computerName="MONTAHERUL" duration="00:00:00.0441601" startTime="2026-06-19T00:33:54.3665488+06:00" endTime="2026-06-19T00:33:54.3665488+06:00" testType="13cdc9d9-ddb5-4fa4-a97d-d965ccfc6d4b" outcome="Passed" testListId="8c84fa94-04c1-424b-9868-57a2d4851a1d" relativeResultsDirectory="76a03f51-651a-4f43-8597-a5d6af3148de" />
    <UnitTestResult executionId="91d83c17-0788-4af1-828f-a98b63774e6d" testId="9b074b1b-f0f5-a820-779b-9a80f1572765" testName="E2E: Complete academic workflow — create exam → mark entry → result → report card" computerName="MONTAHERUL" duration="00:00:00.0181542" startTime="2026-06-19T00:33:54.4875342+06:00" endTime="2026-06-19T00:33:54.4875343+06:00" testType="13cdc9d9-ddb5-4fa4-a97d-d965ccfc6d4b" outcome="Passed" testListId="8c84fa94-04c1-424b-9868-57a2d4851a1d" relativeResultsDirectory="91d83c17-0788-4af1-828f-a98b63774e6d" />
    <UnitTestResult executionId="a0c96309-5275-4d3b-a4da-9f7dfee82f5c" testId="5176af52-2824-d4f2-6635-2f8baaf402bd" testName="19. ResultWorkflowStatus enum has Published = 5" computerName="MONTAHERUL" duration="00:00:00.0001359" startTime="2026-06-19T00:33:54.5764160+06:00" endTime="2026-06-19T00:33:54.5764161+06:00" testType="13cdc9d9-ddb5-4fa4-a97d-d965ccfc6d4b" outcome="Passed" testListId="8c84fa94-04c1-424b-9868-57a2d4851a1d" relativeResultsDirectory="a0c96309-5275-4d3b-a4da-9f7dfee82f5c" />
    <UnitTestResult executionId="a10a1446-c5a3-4072-bd48-c5a7f845a665" testId="4954c051-c59d-fbc6-375d-6c1e77c2e390" testName="10a. Transcript PDF can be generated" computerName="MONTAHERUL" duration="00:00:00.0003180" startTime="2026-06-19T00:33:54.5107701+06:00" endTime="2026-06-19T00:33:54.5107701+06:00" testType="13cdc9d9-ddb5-4fa4-a97d-d965ccfc6d4b" outcome="Passed" testListId="8c84fa94-04c1-424b-9868-57a2d4851a1d" relativeResultsDirectory="a10a1446-c5a3-4072-bd48-c5a7f845a665" />
    <UnitTestResult executionId="daecf66d-fd59-4d2c-b929-a3388b1bdc8a" testId="e792754f-ab80-53fb-a949-e9ab5119571c" testName="6b. Teacher Physics access to Chemistry → 403" computerName="MONTAHERUL" duration="00:00:00.0001867" startTime="2026-06-19T00:33:54.5176670+06:00" endTime="2026-06-19T00:33:54.5176671+06:00" testType="13cdc9d9-ddb5-4fa4-a97d-d965ccfc6d4b" outcome="Passed" testListId="8c84fa94-04c1-424b-9868-57a2d4851a1d" relativeResultsDirectory="daecf66d-fd59-4d2c-b929-a3388b1bdc8a" />
    <UnitTestResult executionId="c299c842-5cf0-4182-829c-311585f7bae5" testId="19ca67fe-1c02-f753-08f0-fcad533828d0" testName="SchoolManagementSystem.Tests.Services.HolidayProviderTests.GetAllAnnualHolidays_DisplayOrder_IsSequential" computerName="MONTAHERUL" duration="00:00:00.0003360" startTime="2026-06-19T00:33:54.4084444+06:00" endTime="2026-06-19T00:33:54.4084445+06:00" testType="13cdc9d9-ddb5-4fa4-a97d-d965ccfc6d4b" outcome="Passed" testListId="8c84fa94-04c1-424b-9868-57a2d4851a1d" relativeResultsDirectory="c299c842-5cf0-4182-829c-311585f7bae5" />
    <UnitTestResult executionId="aa8ac549-084e-4116-a96c-daf1c3aa21b2" testId="c6fcdf86-fc45-2b41-66fa-6546a09859a2" testName="Students by class counts are academic-year aware" computerName="MONTAHERUL" duration="00:00:00.0004666" startTime="2026-06-19T00:33:54.3624207+06:00" endTime="2026-06-19T00:33:54.3624208+06:00" testType="13cdc9d9-ddb5-4fa4-a97d-d965ccfc6d4b" outcome="Passed" testListId="8c84fa94-04c1-424b-9868-57a2d4851a1d" relativeResultsDirectory="aa8ac549-084e-4116-a96c-daf1c3aa21b2" />
    <UnitTestResult executionId="5907c444-e28f-4e1a-a031-952f31f7e20a" testId="6c005df7-2456-16b3-926d-7c3dc2fd83d5" testName="3. Create payment exceeding remaining balance is rejected" computerName="MONTAHERUL" duration="00:00:00.1505420" startTime="2026-06-19T00:33:54.4608859+06:00" endTime="2026-06-19T00:33:54.4608860+06:00" testType="13cdc9d9-ddb5-4fa4-a97d-d965ccfc6d4b" outcome="Passed" testListId="8c84fa94-04c1-424b-9868-57a2d4851a1d" relativeResultsDirectory="5907c444-e28f-4e1a-a031-952f31f7e20a" />
    <UnitTestResult executionId="c84a9123-b225-4095-8fc6-15d69eb0a78f" testId="e9cab6e8-7217-7bc5-4399-c411584e151f" testName="10. StudentExamResultDto.PublishedAt defaults to null before publish" computerName="MONTAHERUL" duration="00:00:00.0002564" startTime="2026-06-19T00:33:54.5760676+06:00" endTime="2026-06-19T00:33:54.5760677+06:00" testType="13cdc9d9-ddb5-4fa4-a97d-d965ccfc6d4b" outcome="Passed" testListId="8c84fa94-04c1-424b-9868-57a2d4851a1d" relativeResultsDirectory="c84a9123-b225-4095-8fc6-15d69eb0a78f" />
    <UnitTestResult executionId="355bf668-9b87-426e-b84f-58bca50a27b7" testId="dfe825cc-77fc-53c5-5984-8e7dbd89035e" testName="30. ComponentMarksDto enumerates key-value pairs" computerName="MONTAHERUL" duration="00:00:00.0002280" startTime="2026-06-19T00:33:54.4457355+06:00" endTime="2026-06-19T00:33:54.4457355+06:00" testType="13cdc9d9-ddb5-4fa4-a97d-d965ccfc6d4b" outcome="Passed" testListId="8c84fa94-04c1-424b-9868-57a2d4851a1d" relativeResultsDirectory="355bf668-9b87-426e-b84f-58bca50a27b7" />
    <UnitTestResult executionId="ead5b0a2-fb26-452b-8bc7-5f7a21f97350" testId="63581a55-1a82-a74f-706e-f2c8047038d3" testName="SchoolManagementSystem.Tests.Services.WorkflowStatusTests.ResultWorkflowStatus_Locked_IsSix" computerName="MONTAHERUL" duration="00:00:00.0000527" startTime="2026-06-19T00:33:54.3505200+06:00" endTime="2026-06-19T00:33:54.3505200+06:00" testType="13cdc9d9-ddb5-4fa4-a97d-d965ccfc6d4b" outcome="Passed" testListId="8c84fa94-04c1-424b-9868-57a2d4851a1d" relativeResultsDirectory="ead5b0a2-fb26-452b-8bc7-5f7a21f97350" />
    <UnitTestResult executionId="ecac81eb-eede-47df-8e2e-ec95bbca883d" testId="4c3cf8fa-e9d6-356a-2dcc-40374d3c2c1a" testName="9. ApproveAndConvertAsync throws when fee unpaid" computerName="MONTAHERUL" duration="00:00:00.0021025" startTime="2026-06-19T00:33:54.6014798+06:00" endTime="2026-06-19T00:33:54.6014798+06:00" testType="13cdc9d9-ddb5-4fa4-a97d-d965ccfc6d4b" outcome="Passed" testListId="8c84fa94-04c1-424b-9868-57a2d4851a1d" relativeResultsDirectory="ecac81eb-eede-47df-8e2e-ec95bbca883d" />
    <UnitTestResult executionId="266dd24e-2d82-4fa2-8889-9690cc750a47" testId="525bf409-3571-c7b0-3482-e2cd143ed26c" testName="9. List page labels match enum for all values" computerName="MONTAHERUL" duration="00:00:00.0004850" startTime="2026-06-19T00:33:54.3633661+06:00" endTime="2026-06-19T00:33:54.3633661+06:00" testType="13cdc9d9-ddb5-4fa4-a97d-d965ccfc6d4b" outcome="Passed" testListId="8c84fa94-04c1-424b-9868-57a2d4851a1d" relativeResultsDirectory="266dd24e-2d82-4fa2-8889-9690cc750a47" />
    <UnitTestResult executionId="207750bc-55dc-4c15-8eaa-2755d2f1d353" testId="969ba75d-cb73-09d8-c7c8-b5f753dcbc13" testName="P16: Admit card generation scoped to single exam-class combo" computerName="MONTAHERUL" duration="00:00:00.0018906" startTime="2026-06-19T00:33:54.5856625+06:00" endTime="2026-06-19T00:33:54.5856627+06:00" testType="13cdc9d9-ddb5-4fa4-a97d-d965ccfc6d4b" outcome="Passed" testListId="8c84fa94-04c1-424b-9868-57a2d4851a1d" relativeResultsDirectory="207750bc-55dc-4c15-8eaa-2755d2f1d353" />
    <UnitTestResult executionId="6078956d-e552-40db-ab1b-40d9eabd6ad4" testId="387f14fb-0ed5-9942-30fa-66c3ddfbfc66" testName="SchoolManagementSystem.Tests.Services.HolidayMasterServiceTests.GetPagedAsync_NoFilters_ReturnsAll" computerName="MONTAHERUL" duration="00:00:00.0130821" startTime="2026-06-19T00:33:54.4452617+06:00" endTime="2026-06-19T00:33:54.4452618+06:00" testType="13cdc9d9-ddb5-4fa4-a97d-d965ccfc6d4b" outcome="Passed" testListId="8c84fa94-04c1-424b-9868-57a2d4851a1d" relativeResultsDirectory="6078956d-e552-40db-ab1b-40d9eabd6ad4" />
    <UnitTestResult executionId="61a6a1bd-9f2f-46c7-8ef7-b4f1ff7b5e5a" testId="4136e378-b07a-0777-62e9-d0330f15f29a" testName="3a. Science group has correct NCTB subjects" computerName="MONTAHERUL" duration="00:00:00.0003345" startTime="2026-06-19T00:33:54.5068685+06:00" endTime="2026-06-19T00:33:54.5068686+06:00" testType="13cdc9d9-ddb5-4fa4-a97d-d965ccfc6d4b" outcome="Passed" testListId="8c84fa94-04c1-424b-9868-57a2d4851a1d" relativeResultsDirectory="61a6a1bd-9f2f-46c7-8ef7-b4f1ff7b5e5a" />
    <UnitTestResult executionId="0ce0b9a3-643e-4f98-a2b8-e917c5185b7b" testId="e645bb76-5d0a-73b0-45bf-4ed11f5ef963" testName="20. MarksEntryExistingDto stores component marks" computerName="MONTAHERUL" duration="00:00:00.0003758" startTime="2026-06-19T00:33:54.4459488+06:00" endTime="2026-06-19T00:33:54.4459489+06:00" testType="13cdc9d9-ddb5-4fa4-a97d-d965ccfc6d4b" outcome="Passed" testListId="8c84fa94-04c1-424b-9868-57a2d4851a1d" relativeResultsDirectory="0ce0b9a3-643e-4f98-a2b8-e917c5185b7b" />
    <UnitTestResult executionId="496e4a2b-82ce-49e3-bde2-82f7feff2437" testId="bb86b95c-cb41-7d6d-027f-275b48284638" testName="SchoolManagementSystem.Tests.Services.CalendarBackupRecoveryTests.RepairMissingDatesAsync_RepairsLeapYear" computerName="MONTAHERUL" duration="00:00:00.0035792" startTime="2026-06-19T00:33:54.4929872+06:00" endTime="2026-06-19T00:33:54.4929872+06:00" testType="13cdc9d9-ddb5-4fa4-a97d-d965ccfc6d4b" outcome="Passed" testListId="8c84fa94-04c1-424b-9868-57a2d4851a1d" relativeResultsDirectory="496e4a2b-82ce-49e3-bde2-82f7feff2437" />
    <UnitTestResult executionId="468167eb-b510-4a27-818d-211fed9d6159" testId="0fb0cc9b-0bb0-f649-f964-95b1188c4692" testName="17. StudentMarkDataDto stores dynamic components" computerName="MONTAHERUL" duration="00:00:00.0001833" startTime="2026-06-19T00:33:54.4470864+06:00" endTime="2026-06-19T00:33:54.4470865+06:00" testType="13cdc9d9-ddb5-4fa4-a97d-d965ccfc6d4b" outcome="Passed" testListId="8c84fa94-04c1-424b-9868-57a2d4851a1d" relativeResultsDirectory="468167eb-b510-4a27-818d-211fed9d6159" />
    <UnitTestResult executionId="6d92ade9-d970-44a5-baf4-a32921cb78e5" testId="aee69aba-7fda-1a34-807f-96ad1a90cc2b" testName="SchoolManagementSystem.Tests.Services.CalendarExportTests.SimpleExcelWriter_GeneratesValidXlsx" computerName="MONTAHERUL" duration="00:00:00.0010149" startTime="2026-06-19T00:33:54.5012489+06:00" endTime="2026-06-19T00:33:54.5012489+06:00" testType="13cdc9d9-ddb5-4fa4-a97d-d965ccfc6d4b" outcome="Passed" testListId="8c84fa94-04c1-424b-9868-57a2d4851a1d" relativeResultsDirectory="6d92ade9-d970-44a5-baf4-a32921cb78e5" />
    <UnitTestResult executionId="10472c6e-c19d-4542-bb1e-698717c55974" testId="c4ed0a68-99f7-d962-aee3-fdc060247db7" testName="SchoolManagementSystem.Tests.Services.CalendarAuditTests.LogAsync_WithoutEntityId" computerName="MONTAHERUL" duration="00:00:00.0073440" startTime="2026-06-19T00:33:54.4415546+06:00" endTime="2026-06-19T00:33:54.4415548+06:00" testType="13cdc9d9-ddb5-4fa4-a97d-d965ccfc6d4b" outcome="Passed" testListId="8c84fa94-04c1-424b-9868-57a2d4851a1d" relativeResultsDirectory="10472c6e-c19d-4542-bb1e-698717c55974" />
    <UnitTestResult executionId="9e6a3ae8-dcb0-4fa7-8708-397a10526c41" testId="b812816a-d8d7-2c48-ef97-385eaf982049" testName="SchoolManagementSystem.Tests.Services.NctbCurriculumTests.Class9To10_ScienceGroup_MatchNCTB" computerName="MONTAHERUL" duration="00:00:00.0001004" startTime="2026-06-19T00:33:54.3670872+06:00" endTime="2026-06-19T00:33:54.3670872+06:00" testType="13cdc9d9-ddb5-4fa4-a97d-d965ccfc6d4b" outcome="Passed" testListId="8c84fa94-04c1-424b-9868-57a2d4851a1d" relativeResultsDirectory="9e6a3ae8-dcb0-4fa7-8708-397a10526c41" />
    <UnitTestResult executionId="102bae95-26d5-4627-bab2-44b3fd9d69eb" testId="77aa0316-f782-3064-43d5-8fe29ec96ff3" testName="SchoolManagementSystem.Tests.Services.HolidayProviderTests.GetIslamicHolidays_For2026_ReturnsFourHolidays" computerName="MONTAHERUL" duration="00:00:00.0013427" startTime="2026-06-19T00:33:54.4098186+06:00" endTime="2026-06-19T00:33:54.4098187+06:00" testType="13cdc9d9-ddb5-4fa4-a97d-d965ccfc6d4b" outcome="Passed" testListId="8c84fa94-04c1-424b-9868-57a2d4851a1d" relativeResultsDirectory="102bae95-26d5-4627-bab2-44b3fd9d69eb" />
    <UnitTestResult executionId="cea000be-9f0f-43d8-b2ef-77d3bb6b4360" testId="69386b5f-cd36-66ef-16d2-202d428b33b2" testName="SchoolManagementSystem.Tests.Services.CalendarAccessibilityTests.GenerateYearAsync_NoFutureDatesBeyondYear" computerName="MONTAHERUL" duration="00:00:00.0097763" startTime="2026-06-19T00:33:54.4624085+06:00" endTime="2026-06-19T00:33:54.4624086+06:00" testType="13cdc9d9-ddb5-4fa4-a97d-d965ccfc6d4b" outcome="Passed" testListId="8c84fa94-04c1-424b-9868-57a2d4851a1d" relativeResultsDirectory="cea000be-9f0f-43d8-b2ef-77d3bb6b4360" />
    <UnitTestResult executionId="f11bdc50-b503-48d3-991b-e084c47607b5" testId="a970d10a-1f13-732c-095a-4fedf9464f69" testName="SchoolManagementSystem.Tests.Services.CalendarPermissionTests.CalendarView_PermissionCode_IsValid" computerName="MONTAHERUL" duration="00:00:00.0000734" startTime="2026-06-19T00:33:54.3620130+06:00" endTime="2026-06-19T00:33:54.3620131+06:00" testType="13cdc9d9-ddb5-4fa4-a97d-d965ccfc6d4b" outcome="Passed" testListId="8c84fa94-04c1-424b-9868-57a2d4851a1d" relativeResultsDirectory="f11bdc50-b503-48d3-991b-e084c47607b5" />
    <UnitTestResult executionId="f51940ce-20d9-4416-8b6d-1bc1984e6b70" testId="d9fb92ac-fe5a-daf4-269f-c03452458251" testName="SchoolManagementSystem.Tests.Services.HolidayProviderTests.GetAllAnnualHolidays_For2026_IncludesJanmashtami" computerName="MONTAHERUL" duration="00:00:00.0001157" startTime="2026-06-19T00:33:54.4117032+06:00" endTime="2026-06-19T00:33:54.4117032+06:00" testType="13cdc9d9-ddb5-4fa4-a97d-d965ccfc6d4b" outcome="Passed" testListId="8c84fa94-04c1-424b-9868-57a2d4851a1d" relativeResultsDirectory="f51940ce-20d9-4416-8b6d-1bc1984e6b70" />
    <UnitTestResult executionId="dabcce1a-35c9-43f3-b293-328cc710c913" testId="dfbf7f58-6499-9fdc-2a61-140b2d53ec61" testName="24. ComponentFieldMapper.GetDtoValue extracts from ComponentMarksDto" computerName="MONTAHERUL" duration="00:00:00.0001441" startTime="2026-06-19T00:33:54.4481155+06:00" endTime="2026-06-19T00:33:54.4481155+06:00" testType="13cdc9d9-ddb5-4fa4-a97d-d965ccfc6d4b" outcome="Passed" testListId="8c84fa94-04c1-424b-9868-57a2d4851a1d" relativeResultsDirectory="dabcce1a-35c9-43f3-b293-328cc710c913" />
    <UnitTestResult executionId="97fa0b4f-b733-44d6-bf05-a47f77bbb9bf" testId="2d318481-c48d-ec1c-1c01-79db92b41b8e" testName="SchoolManagementSystem.Tests.Services.CalendarPermissionTests.CalendarRegenerate_PermissionCode_IsValid" computerName="MONTAHERUL" duration="00:00:00.0001833" startTime="2026-06-19T00:33:54.3524541+06:00" endTime="2026-06-19T00:33:54.3524541+06:00" testType="13cdc9d9-ddb5-4fa4-a97d-d965ccfc6d4b" outcome="Passed" testListId="8c84fa94-04c1-424b-9868-57a2d4851a1d" relativeResultsDirectory="97fa0b4f-b733-44d6-bf05-a47f77bbb9bf" />
    <UnitTestResult executionId="733894fb-88d0-40b2-a786-40748a35c965" testId="60ce1074-c3c1-746d-284c-e7816cf6b097" testName="26. ComponentFieldMapper.ExtractConfiguredComponents extracts only specified codes" computerName="MONTAHERUL" duration="00:00:00.0005576" startTime="2026-06-19T00:33:54.4480777+06:00" endTime="2026-06-19T00:33:54.4480778+06:00" testType="13cdc9d9-ddb5-4fa4-a97d-d965ccfc6d4b" outcome="Passed" testListId="8c84fa94-04c1-424b-9868-57a2d4851a1d" relativeResultsDirectory="733894fb-88d0-40b2-a786-40748a35c965" />
    <UnitTestResult executionId="4b296706-244a-4cb6-bb05-8605d1b13da8" testId="d61ef927-c99d-2d3f-a728-b9646a8b36c5" testName="8. Update payment recalculates invoice" computerName="MONTAHERUL" duration="00:00:00.0037254" startTime="2026-06-19T00:33:54.4929101+06:00" endTime="2026-06-19T00:33:54.4929102+06:00" testType="13cdc9d9-ddb5-4fa4-a97d-d965ccfc6d4b" outcome="Passed" testListId="8c84fa94-04c1-424b-9868-57a2d4851a1d" relativeResultsDirectory="4b296706-244a-4cb6-bb05-8605d1b13da8" />
    <UnitTestResult executionId="496b4f46-7be5-4029-82fe-841e6d2a209f" testId="7365c3af-fad2-17f7-94ee-d181e2955e8b" testName="49. MarkEntryDto no longer has individual WrittenMarks/MCQMarks props" computerName="MONTAHERUL" duration="00:00:00.0003222" startTime="2026-06-19T00:33:54.3645921+06:00" endTime="2026-06-19T00:33:54.3645921+06:00" testType="13cdc9d9-ddb5-4fa4-a97d-d965ccfc6d4b" outcome="Passed" testListId="8c84fa94-04c1-424b-9868-57a2d4851a1d" relativeResultsDirectory="496b4f46-7be5-4029-82fe-841e6d2a209f" />
    <UnitTestResult executionId="cfa464bc-5813-4d4d-ba33-71724c417afa" testId="e22651a6-b032-6736-e4b2-7f09803f484f" testName="P17: Report card shows only this exam's subjects and marks" computerName="MONTAHERUL" duration="00:00:00.1129265" startTime="2026-06-19T00:33:54.5610479+06:00" endTime="2026-06-19T00:33:54.5610484+06:00" testType="13cdc9d9-ddb5-4fa4-a97d-d965ccfc6d4b" outcome="Passed" testListId="8c84fa94-04c1-424b-9868-57a2d4851a1d" relativeResultsDirectory="cfa464bc-5813-4d4d-ba33-71724c417afa" />
    <UnitTestResult executionId="e6d4cb24-a4f6-4c0c-b1f4-a12a4041e9bb" testId="66eeea96-8455-6c93-411a-51c3622e16f2" testName="SchoolManagementSystem.Tests.Services.CalendarViewModeTests.WidgetUpcomingHolidays_ReturnsJson" computerName="MONTAHERUL" duration="00:00:00.0018438" startTime="2026-06-19T00:33:55.9609718+06:00" endTime="2026-06-19T00:33:55.9609722+06:00" testType="13cdc9d9-ddb5-4fa4-a97d-d965ccfc6d4b" outcome="Passed" testListId="8c84fa94-04c1-424b-9868-57a2d4851a1d" relativeResultsDirectory="e6d4cb24-a4f6-4c0c-b1f4-a12a4041e9bb" />
    <UnitTestResult executionId="bcefb369-c6a4-437a-a6ba-a2b0dfee4b67" testId="d583721b-b86b-73d3-0b49-fc6b587fdff2" testName="SchoolManagementSystem.Tests.Services.CalendarBackupRecoveryTests.GenerateYearAsync_NonLeapYear_Has365Days" computerName="MONTAHERUL" duration="00:00:00.0039996" startTime="2026-06-19T00:33:54.4720059+06:00" endTime="2026-06-19T00:33:54.4720060+06:00" testType="13cdc9d9-ddb5-4fa4-a97d-d965ccfc6d4b" outcome="Passed" testListId="8c84fa94-04c1-424b-9868-57a2d4851a1d" relativeResultsDirectory="bcefb369-c6a4-437a-a6ba-a2b0dfee4b67" />
    <UnitTestResult executionId="ee106b4e-24a7-4448-838e-dfc49be129ae" testId="5bc63345-de37-d629-7318-da173e8c90b4" testName="SchoolManagementSystem.Tests.Services.HolidayMasterServiceTests.ImportAsync_Duplicate_DoesNotDuplicate" computerName="MONTAHERUL" duration="00:00:00.0031188" startTime="2026-06-19T00:33:54.4485694+06:00" endTime="2026-06-19T00:33:54.4485695+06:00" testType="13cdc9d9-ddb5-4fa4-a97d-d965ccfc6d4b" outcome="Passed" testListId="8c84fa94-04c1-424b-9868-57a2d4851a1d" relativeResultsDirectory="ee106b4e-24a7-4448-838e-dfc49be129ae" />
    <UnitTestResult executionId="8987c645-90b0-456d-9c7c-29ab20c57de3" testId="ad5ea6ca-a84a-7182-78fc-edebd6acd483" testName="6. StudentExamResultDto.Status stores ResultWorkflowStatus" computerName="MONTAHERUL" duration="00:00:00.0002113" startTime="2026-06-19T00:33:54.5866089+06:00" endTime="2026-06-19T00:33:54.5866089+06:00" testType="13cdc9d9-ddb5-4fa4-a97d-d965ccfc6d4b" outcome="Passed" testListId="8c84fa94-04c1-424b-9868-57a2d4851a1d" relativeResultsDirectory="8987c645-90b0-456d-9c7c-29ab20c57de3" />
    <UnitTestResult executionId="0a73472e-0e81-41e8-b51c-5952d4515289" testId="604cfd1e-2cf5-dd66-1269-6a81c00325c5" testName="8i. FailSubjectMode.ExcludeFail allows configured fails" computerName="MONTAHERUL" duration="00:00:00.0001890" startTime="2026-06-19T00:33:54.5205357+06:00" endTime="2026-06-19T00:33:54.5205357+06:00" testType="13cdc9d9-ddb5-4fa4-a97d-d965ccfc6d4b" outcome="Passed" testListId="8c84fa94-04c1-424b-9868-57a2d4851a1d" relativeResultsDirectory="0a73472e-0e81-41e8-b51c-5952d4515289" />
    <UnitTestResult executionId="10832b70-386c-486c-8e89-36357a2e7e27" testId="ba72af61-b674-a195-af0b-455531612e90" testName="SchoolManagementSystem.Tests.Services.NctbCurriculumTests.TeacherAssignment_RequiresSubjectClassSectionMatch" computerName="MONTAHERUL" duration="00:00:00.0003539" startTime="2026-06-19T00:33:54.3660434+06:00" endTime="2026-06-19T00:33:54.3660434+06:00" testType="13cdc9d9-ddb5-4fa4-a97d-d965ccfc6d4b" outcome="Passed" testListId="8c84fa94-04c1-424b-9868-57a2d4851a1d" relativeResultsDirectory="10832b70-386c-486c-8e89-36357a2e7e27" />
    <UnitTestResult executionId="76e1ec17-2fc0-4f5f-8a91-66ec78869bf7" testId="c2aeeaff-d76a-9b61-50e8-e7030a6f4100" testName="46. ReportCardSummaryDto unchanged by refactoring" computerName="MONTAHERUL" duration="00:00:00.0049335" startTime="2026-06-19T00:33:54.3387112+06:00" endTime="2026-06-19T00:33:54.3387112+06:00" testType="13cdc9d9-ddb5-4fa4-a97d-d965ccfc6d4b" outcome="Passed" testListId="8c84fa94-04c1-424b-9868-57a2d4851a1d" relativeResultsDirectory="76e1ec17-2fc0-4f5f-8a91-66ec78869bf7" />
    <UnitTestResult executionId="94e156b1-4eec-4b10-aae2-1bbf6560f2a2" testId="f1269b3a-7014-28cb-8901-f6aaeb170276" testName="SchoolManagementSystem.Tests.Services.Phase31B_SubjectComponentAssignmentTests.ExamSubjectService_SetupSubjectsAsync_ComputesFullMarksFromComponentPreview" computerName="MONTAHERUL" duration="00:00:00.0988101" startTime="2026-06-19T00:33:54.5626774+06:00" endTime="2026-06-19T00:33:54.5626776+06:00" testType="13cdc9d9-ddb5-4fa4-a97d-d965ccfc6d4b" outcome="Passed" testListId="8c84fa94-04c1-424b-9868-57a2d4851a1d" relativeResultsDirectory="94e156b1-4eec-4b10-aae2-1bbf6560f2a2" />
    <UnitTestResult executionId="1ec7a5e6-a559-43d2-8ccb-2d5829b90dcd" testId="2f1911ce-f59b-3f8f-c67d-084f93803f86" testName="SchoolManagementSystem.Tests.Services.NctbCurriculumTests.Nctb_ReligionSubjectCodesAreCorrect" computerName="MONTAHERUL" duration="00:00:00.0002079" startTime="2026-06-19T00:33:54.3661427+06:00" endTime="2026-06-19T00:33:54.3661428+06:00" testType="13cdc9d9-ddb5-4fa4-a97d-d965ccfc6d4b" outcome="Passed" testListId="8c84fa94-04c1-424b-9868-57a2d4851a1d" relativeResultsDirectory="1ec7a5e6-a559-43d2-8ccb-2d5829b90dcd" />
    <UnitTestResult executionId="013e5cb1-233b-4d02-b6d7-faed1c23e649" testId="4ff01ed5-b2b7-627c-6d08-2221a9ace64d" testName="13. ProcessClassPromotionAsync queries non-deleted students" computerName="MONTAHERUL" duration="00:00:00.1651195" startTime="2026-06-19T00:33:54.5061142+06:00" endTime="2026-06-19T00:33:54.5061143+06:00" testType="13cdc9d9-ddb5-4fa4-a97d-d965ccfc6d4b" outcome="Passed" testListId="8c84fa94-04c1-424b-9868-57a2d4851a1d" relativeResultsDirectory="013e5cb1-233b-4d02-b6d7-faed1c23e649" />
    <UnitTestResult executionId="eadf6dda-1787-4bc4-a7de-ec565364f419" testId="7080477f-8ab0-7bf7-850f-4e79a6084a36" testName="6. Overdue does not exist in enum" computerName="MONTAHERUL" duration="00:00:00.0022165" startTime="2026-06-19T00:33:54.3632556+06:00" endTime="2026-06-19T00:33:54.3632557+06:00" testType="13cdc9d9-ddb5-4fa4-a97d-d965ccfc6d4b" outcome="Passed" testListId="8c84fa94-04c1-424b-9868-57a2d4851a1d" relativeResultsDirectory="eadf6dda-1787-4bc4-a7de-ec565364f419" />
    <UnitTestResult executionId="57e209ca-635c-4dce-b13f-09b3effe6338" testId="e854076f-a5bd-e4f3-a63f-652ce192fd9b" testName="7b. Components loaded automatically from SubjectMarkStructure" computerName="MONTAHERUL" duration="00:00:00.0007637" startTime="2026-06-19T00:33:54.4920500+06:00" endTime="2026-06-19T00:33:54.4920501+06:00" testType="13cdc9d9-ddb5-4fa4-a97d-d965ccfc6d4b" outcome="Passed" testListId="8c84fa94-04c1-424b-9868-57a2d4851a1d" relativeResultsDirectory="57e209ca-635c-4dce-b13f-09b3effe6338" />
    <UnitTestResult executionId="9315e329-0b0a-4580-9688-b01d025548ac" testId="443d66b0-a50d-f371-a180-e626de96716f" testName="SchoolManagementSystem.Tests.Services.HolidayMasterServiceTests.GetPagedAsync_FilterByType_ReturnsFiltered" computerName="MONTAHERUL" duration="00:00:00.0100392" startTime="2026-06-19T00:33:54.4651845+06:00" endTime="2026-06-19T00:33:54.4651846+06:00" testType="13cdc9d9-ddb5-4fa4-a97d-d965ccfc6d4b" outcome="Passed" testListId="8c84fa94-04c1-424b-9868-57a2d4851a1d" relativeResultsDirectory="9315e329-0b0a-4580-9688-b01d025548ac" />
    <UnitTestResult executionId="befbc9cf-84dd-4fcd-842d-b0145ffd6368" testId="cf992cb7-1401-37ce-9a4f-d81be8ce8999" testName="25. GPA excludes optional subjects even if passed" computerName="MONTAHERUL" duration="00:00:00.0005069" startTime="2026-06-19T00:33:54.5749614+06:00" endTime="2026-06-19T00:33:54.5749614+06:00" testType="13cdc9d9-ddb5-4fa4-a97d-d965ccfc6d4b" outcome="Passed" testListId="8c84fa94-04c1-424b-9868-57a2d4851a1d" relativeResultsDirectory="befbc9cf-84dd-4fcd-842d-b0145ffd6368" />
    <UnitTestResult executionId="0b5ee244-0da9-4323-b837-22f92f999fe3" testId="4484d5b8-ca72-3046-3cf6-1a724ec67dbd" testName="16. BulkPromotionAsync updates FinalResult.PromotionStatus" computerName="MONTAHERUL" duration="00:00:00.0039836" startTime="2026-06-19T00:33:54.6320337+06:00" endTime="2026-06-19T00:33:54.6320339+06:00" testType="13cdc9d9-ddb5-4fa4-a97d-d965ccfc6d4b" outcome="Passed" testListId="8c84fa94-04c1-424b-9868-57a2d4851a1d" relativeResultsDirectory="0b5ee244-0da9-4323-b837-22f92f999fe3" />
    <UnitTestResult executionId="2fad5288-913c-4703-96eb-750d5743a1f6" testId="bf747693-381d-67a1-a326-d1b478aaf0fb" testName="SchoolManagementSystem.Tests.Services.WorkflowStatusTests.PromotedStatus_Values_AreCorrect" computerName="MONTAHERUL" duration="00:00:00.0048752" startTime="2026-06-19T00:33:54.3386825+06:00" endTime="2026-06-19T00:33:54.3386826+06:00" testType="13cdc9d9-ddb5-4fa4-a97d-d965ccfc6d4b" outcome="Passed" testListId="8c84fa94-04c1-424b-9868-57a2d4851a1d" relativeResultsDirectory="2fad5288-913c-4703-96eb-750d5743a1f6" />
    <UnitTestResult executionId="3f9a3e36-66a7-41e8-9881-c8af6a511d24" testId="616fa81e-f5ce-bccd-b3a9-2e41d49e1ff2" testName="SchoolManagementSystem.Tests.Services.CalendarDashboardTests.GetUpcomingExamsAsync_ReturnsUpcomingExams" computerName="MONTAHERUL" duration="00:00:00.0084163" startTime="2026-06-19T00:33:54.4413470+06:00" endTime="2026-06-19T00:33:54.4413472+06:00" testType="13cdc9d9-ddb5-4fa4-a97d-d965ccfc6d4b" outcome="Passed" testListId="8c84fa94-04c1-424b-9868-57a2d4851a1d" relativeResultsDirectory="3f9a3e36-66a7-41e8-9881-c8af6a511d24" />
    <UnitTestResult executionId="2808bb55-15c6-4bf2-9104-208b602384f8" testId="d06d0f59-75e4-9f16-684d-3c3e5eb1e5c7" testName="4. Generated (Unpaid) → Partial status transition" computerName="MONTAHERUL" duration="00:00:00.0124345" startTime="2026-06-19T00:33:54.4865836+06:00" endTime="2026-06-19T00:33:54.4865837+06:00" testType="13cdc9d9-ddb5-4fa4-a97d-d965ccfc6d4b" outcome="Passed" testListId="8c84fa94-04c1-424b-9868-57a2d4851a1d" relativeResultsDirectory="2808bb55-15c6-4bf2-9104-208b602384f8" />
    <UnitTestResult executionId="caa61a55-27e0-47ac-9cfa-74bc329b7a51" testId="9520b15d-3bdf-fe59-8df1-e509f70ef8ee" testName="43. ReportCardSubjectDto uses ComponentMarks for all component data" computerName="MONTAHERUL" duration="00:00:00.0002927" startTime="2026-06-19T00:33:54.3645608+06:00" endTime="2026-06-19T00:33:54.3645609+06:00" testType="13cdc9d9-ddb5-4fa4-a97d-d965ccfc6d4b" outcome="Passed" testListId="8c84fa94-04c1-424b-9868-57a2d4851a1d" relativeResultsDirectory="caa61a55-27e0-47ac-9cfa-74bc329b7a51" />
    <UnitTestResult executionId="ecbe41a4-3da3-4fb2-963f-553f0253c8f1" testId="004094aa-6a7f-f1dd-b864-d0a24da7654d" testName="1d. Teacher Marks Entry grid shows PROJECT column" computerName="MONTAHERUL" duration="00:00:00.0007192" startTime="2026-06-19T00:33:54.4930181+06:00" endTime="2026-06-19T00:33:54.4930182+06:00" testType="13cdc9d9-ddb5-4fa4-a97d-d965ccfc6d4b" outcome="Passed" testListId="8c84fa94-04c1-424b-9868-57a2d4851a1d" relativeResultsDirectory="ecbe41a4-3da3-4fb2-963f-553f0253c8f1" />
    <UnitTestResult executionId="feae5c25-9104-444f-b37b-125501286360" testId="1400a16d-36d3-a069-bc4c-8f9733988936" testName="1. Create payment exactly equal to remaining balance" computerName="MONTAHERUL" duration="00:00:00.0031676" startTime="2026-06-19T00:33:54.4898262+06:00" endTime="2026-06-19T00:33:54.4898263+06:00" testType="13cdc9d9-ddb5-4fa4-a97d-d965ccfc6d4b" outcome="Passed" testListId="8c84fa94-04c1-424b-9868-57a2d4851a1d" relativeResultsDirectory="feae5c25-9104-444f-b37b-125501286360" />
    <UnitTestResult executionId="c3f5db47-15fb-4d0b-a65b-ee6ab5d6090f" testId="dd6fdbc3-e642-d6ce-378e-31e51975a4cc" testName="SchoolManagementSystem.Tests.Services.NctbCurriculumTests.Transcript_AppliesSameFilteringAsReportCard" computerName="MONTAHERUL" duration="00:00:00.0016158" startTime="2026-06-19T00:33:54.3666312+06:00" endTime="2026-06-19T00:33:54.3666312+06:00" testType="13cdc9d9-ddb5-4fa4-a97d-d965ccfc6d4b" outcome="Passed" testListId="8c84fa94-04c1-424b-9868-57a2d4851a1d" relativeResultsDirectory="c3f5db47-15fb-4d0b-a65b-ee6ab5d6090f" />
    <UnitTestResult executionId="2a461703-84ae-4ea4-93a6-dc77dfd3061d" testId="65f76208-9f16-0f7a-dbf0-80ecae7e0e1c" testName="1. StudentExamResultDto has PublishedAt property" computerName="MONTAHERUL" duration="00:00:00.0002349" startTime="2026-06-19T00:33:54.5837288+06:00" endTime="2026-06-19T00:33:54.5837288+06:00" testType="13cdc9d9-ddb5-4fa4-a97d-d965ccfc6d4b" outcome="Passed" testListId="8c84fa94-04c1-424b-9868-57a2d4851a1d" relativeResultsDirectory="2a461703-84ae-4ea4-93a6-dc77dfd3061d" />
    <UnitTestResult executionId="069c6dd3-052e-4ba1-8785-8eb5117f6ef4" testId="fd5dbdd5-7cf9-5c78-df55-ea8984e5181b" testName="SchoolManagementSystem.Tests.Services.ResultCalculationTests.CalculateGpa_AllPassedCompulsory_ReturnsCorrectAverage" computerName="MONTAHERUL" duration="00:00:00.0005137" startTime="2026-06-19T00:33:54.3643660+06:00" endTime="2026-06-19T00:33:54.3643661+06:00" testType="13cdc9d9-ddb5-4fa4-a97d-d965ccfc6d4b" outcome="Passed" testListId="8c84fa94-04c1-424b-9868-57a2d4851a1d" relativeResultsDirectory="069c6dd3-052e-4ba1-8785-8eb5117f6ef4" />
    <UnitTestResult executionId="9183e099-dc33-44a2-b253-4f969e1c180f" testId="abe5b358-d3d8-498d-ac08-e24f6d77adc3" testName="SchoolManagementSystem.Tests.Services.CalendarAccessibilityTests.UpcomingExamDto_HasDayOfWeekProperty" computerName="MONTAHERUL" duration="00:00:00.0001964" startTime="2026-06-19T00:33:54.4710291+06:00" endTime="2026-06-19T00:33:54.4710291+06:00" testType="13cdc9d9-ddb5-4fa4-a97d-d965ccfc6d4b" outcome="Passed" testListId="8c84fa94-04c1-424b-9868-57a2d4851a1d" relativeResultsDirectory="9183e099-dc33-44a2-b253-4f969e1c180f" />
    <UnitTestResult executionId="64e61a9a-1030-4508-b246-e052c4eb0c1b" testId="80f901d2-48b9-0991-30f2-433312171713" testName="SchoolManagementSystem.Tests.Services.CalendarOperationalTests.RegenerateYearAsync_ReplacesAllEntries" computerName="MONTAHERUL" duration="00:00:00.0037011" startTime="2026-06-19T00:33:54.4718867+06:00" endTime="2026-06-19T00:33:54.4718868+06:00" testType="13cdc9d9-ddb5-4fa4-a97d-d965ccfc6d4b" outcome="Passed" testListId="8c84fa94-04c1-424b-9868-57a2d4851a1d" relativeResultsDirectory="64e61a9a-1030-4508-b246-e052c4eb0c1b" />
    <UnitTestResult executionId="b55f1fe2-2f71-434d-944e-66322a6ff77d" testId="1aeaa8ec-34db-ef8a-f780-c04a050b197b" testName="Guardian routes to Guardian dashboard, not Accountant" computerName="MONTAHERUL" duration="00:00:00.0937472" startTime="2026-06-19T00:33:54.4063524+06:00" endTime="2026-06-19T00:33:54.4063524+06:00" testType="13cdc9d9-ddb5-4fa4-a97d-d965ccfc6d4b" outcome="Passed" testListId="8c84fa94-04c1-424b-9868-57a2d4851a1d" relativeResultsDirectory="b55f1fe2-2f71-434d-944e-66322a6ff77d" />
    <UnitTestResult executionId="b4da5f0f-fc0d-42e8-9ecf-85157c4524f8" testId="baf0286b-54e7-d42c-70a0-a73efb5948ce" testName="4. ComponentMarksDto.Count tracks entries" computerName="MONTAHERUL" duration="00:00:00.0001090" startTime="2026-06-19T00:33:54.4310815+06:00" endTime="2026-06-19T00:33:54.4310816+06:00" testType="13cdc9d9-ddb5-4fa4-a97d-d965ccfc6d4b" outcome="Passed" testListId="8c84fa94-04c1-424b-9868-57a2d4851a1d" relativeResultsDirectory="b4da5f0f-fc0d-42e8-9ecf-85157c4524f8" />
    <UnitTestResult executionId="7a7c2426-e5be-498f-bc60-e63896ecb603" testId="7334242a-5c55-b5b4-fcae-b6dca43ee64d" testName="SchoolManagementSystem.Tests.Services.CalendarGenerationServiceTests.GenerateYearAsync_2026_Creates365Entries" computerName="MONTAHERUL" duration="00:00:00.0039211" startTime="2026-06-19T00:33:54.4701640+06:00" endTime="2026-06-19T00:33:54.4701641+06:00" testType="13cdc9d9-ddb5-4fa4-a97d-d965ccfc6d4b" outcome="Passed" testListId="8c84fa94-04c1-424b-9868-57a2d4851a1d" relativeResultsDirectory="7a7c2426-e5be-498f-bc60-e63896ecb603" />
    <UnitTestResult executionId="e75c03d3-a8a0-4f93-98b5-13968e9b63ed" testId="f0d7045b-f8ce-7662-8716-a927e817a701" testName="32. ResultAuthorizationService returns false for unassigned teacher" computerName="MONTAHERUL" duration="00:00:00.0606971" startTime="2026-06-19T00:33:54.3969142+06:00" endTime="2026-06-19T00:33:54.3969145+06:00" testType="13cdc9d9-ddb5-4fa4-a97d-d965ccfc6d4b" outcome="Passed" testListId="8c84fa94-04c1-424b-9868-57a2d4851a1d" relativeResultsDirectory="e75c03d3-a8a0-4f93-98b5-13968e9b63ed" />
    <UnitTestResult executionId="081c6857-1d5b-4f33-8406-b1ab4ba5dd3e" testId="f94a8d54-f492-fb28-95e0-6f257ccb6758" testName="24. FinalResult entity can set PromotionStatus" computerName="MONTAHERUL" duration="00:00:00.0021008" startTime="2026-06-19T00:33:54.3656286+06:00" endTime="2026-06-19T00:33:54.3656286+06:00" testType="13cdc9d9-ddb5-4fa4-a97d-d965ccfc6d4b" outcome="Passed" testListId="8c84fa94-04c1-424b-9868-57a2d4851a1d" relativeResultsDirectory="081c6857-1d5b-4f33-8406-b1ab4ba5dd3e" />
    <UnitTestResult executionId="94b35e94-2427-408c-b202-8ab71d404598" testId="b30d8ee5-5564-92ce-76bc-6b7c01efe3c5" testName="21. ExamTerm enum maps HalfYearly = 2" computerName="MONTAHERUL" duration="00:00:00.0001409" startTime="2026-06-19T00:33:54.5762480+06:00" endTime="2026-06-19T00:33:54.5762481+06:00" testType="13cdc9d9-ddb5-4fa4-a97d-d965ccfc6d4b" outcome="Passed" testListId="8c84fa94-04c1-424b-9868-57a2d4851a1d" relativeResultsDirectory="94b35e94-2427-408c-b202-8ab71d404598" />
    <UnitTestResult executionId="ac55c6cb-6777-465e-9ccd-d6d1d4dc9115" testId="a304c2f7-0d9e-c087-45fa-21119d474be4" testName="SchoolManagementSystem.Tests.Services.FailSubjectTests.DeterminePassFail_AllPassedIncludingOptional_Passes" computerName="MONTAHERUL" duration="00:00:00.0003271" startTime="2026-06-19T00:33:54.3633982+06:00" endTime="2026-06-19T00:33:54.3633982+06:00" testType="13cdc9d9-ddb5-4fa4-a97d-d965ccfc6d4b" outcome="Passed" testListId="8c84fa94-04c1-424b-9868-57a2d4851a1d" relativeResultsDirectory="ac55c6cb-6777-465e-9ccd-d6d1d4dc9115" />
    <UnitTestResult executionId="55c0e2bf-0b5d-4cd1-be4d-12ac4d4de783" testId="a50d792d-e5a9-3ae8-a442-a68b36c6be8a" testName="53. ComponentFieldMapper.FromEntity handles 12+ fields efficiently" computerName="MONTAHERUL" duration="00:00:00.0444786" startTime="2026-06-19T00:33:54.5329922+06:00" endTime="2026-06-19T00:33:54.5329923+06:00" testType="13cdc9d9-ddb5-4fa4-a97d-d965ccfc6d4b" outcome="Passed" testListId="8c84fa94-04c1-424b-9868-57a2d4851a1d" relativeResultsDirectory="55c0e2bf-0b5d-4cd1-be4d-12ac4d4de783" />
    <UnitTestResult executionId="6f8b4425-afb7-48d1-8349-d5fd65cb8892" testId="6f4445aa-2c4b-150a-181f-2c804ec3da87" testName="8e. Merit Group Position calculated correctly" computerName="MONTAHERUL" duration="00:00:00.0006139" startTime="2026-06-19T00:33:54.5071327+06:00" endTime="2026-06-19T00:33:54.5071328+06:00" testType="13cdc9d9-ddb5-4fa4-a97d-d965ccfc6d4b" outcome="Passed" testListId="8c84fa94-04c1-424b-9868-57a2d4851a1d" relativeResultsDirectory="6f8b4425-afb7-48d1-8349-d5fd65cb8892" />
    <UnitTestResult executionId="08c66556-148f-46c7-8693-bb07283d0581" testId="2578c48c-d5b1-01a2-4d26-a111350ac6b0" testName="SchoolManagementSystem.Tests.Services.FailSubjectTests.DeterminePassFail_MultipleFailedMandatory_Fails" computerName="MONTAHERUL" duration="00:00:00.0003847" startTime="2026-06-19T00:33:54.3638476+06:00" endTime="2026-06-19T00:33:54.3638476+06:00" testType="13cdc9d9-ddb5-4fa4-a97d-d965ccfc6d4b" outcome="Passed" testListId="8c84fa94-04c1-424b-9868-57a2d4851a1d" relativeResultsDirectory="08c66556-148f-46c7-8693-bb07283d0581" />
    <UnitTestResult executionId="2c12bd06-949e-4934-8c7c-a08871d58e21" testId="7d9049da-7450-e46a-cbab-e0064b8d5ac2" testName="SchoolManagementSystem.Tests.Services.CalendarDashboardTests.GetUpcomingExamsAsync_EmptyList_WhenNoExams" computerName="MONTAHERUL" duration="00:00:00.0034787" startTime="2026-06-19T00:33:54.4520733+06:00" endTime="2026-06-19T00:33:54.4520735+06:00" testType="13cdc9d9-ddb5-4fa4-a97d-d965ccfc6d4b" outcome="Passed" testListId="8c84fa94-04c1-424b-9868-57a2d4851a1d" relativeResultsDirectory="2c12bd06-949e-4934-8c7c-a08871d58e21" />
    <UnitTestResult executionId="1ae0bd4f-ef3f-4de0-92d3-acd78dcaf096" testId="af0f535c-ca1c-4745-2a82-236da0ba4aa9" testName="SchoolManagementSystem.Tests.Services.WorkflowStatusTests.ResultWorkflowStatus_Published_IsFive" computerName="MONTAHERUL" duration="00:00:00.0000760" startTime="2026-06-19T00:33:54.3522909+06:00" endTime="2026-06-19T00:33:54.3522909+06:00" testType="13cdc9d9-ddb5-4fa4-a97d-d965ccfc6d4b" outcome="Passed" testListId="8c84fa94-04c1-424b-9868-57a2d4851a1d" relativeResultsDirectory="1ae0bd4f-ef3f-4de0-92d3-acd78dcaf096" />
    <UnitTestResult executionId="322475c5-7b75-4ae1-8c17-252e05a9da76" testId="7bf409fe-99a3-2992-354a-58b268e0efa4" testName="9a. Report Card PDF can be generated" computerName="MONTAHERUL" duration="00:00:00.0004447" startTime="2026-06-19T00:33:54.5193196+06:00" endTime="2026-06-19T00:33:54.5193197+06:00" testType="13cdc9d9-ddb5-4fa4-a97d-d965ccfc6d4b" outcome="Passed" testListId="8c84fa94-04c1-424b-9868-57a2d4851a1d" relativeResultsDirectory="322475c5-7b75-4ae1-8c17-252e05a9da76" />
    <UnitTestResult executionId="4e931ab2-b4f5-4a5b-8820-c432882cadf0" testId="9af171ee-30e8-60bd-889b-774198ac6495" testName="5. Approved waiver creates FeeLedger entry" computerName="MONTAHERUL" duration="00:00:00.0080405" startTime="2026-06-19T00:33:54.6112403+06:00" endTime="2026-06-19T00:33:54.6112405+06:00" testType="13cdc9d9-ddb5-4fa4-a97d-d965ccfc6d4b" outcome="Passed" testListId="8c84fa94-04c1-424b-9868-57a2d4851a1d" relativeResultsDirectory="4e931ab2-b4f5-4a5b-8820-c432882cadf0" />
    <UnitTestResult executionId="47ed155e-66d8-42a7-a805-2cc241ef1498" testId="0d14822b-e8ae-4ea3-f236-f95d945f488b" testName="4b. Student B has NO optional subject" computerName="MONTAHERUL" duration="00:00:00.0001555" startTime="2026-06-19T00:33:54.5075600+06:00" endTime="2026-06-19T00:33:54.5075601+06:00" testType="13cdc9d9-ddb5-4fa4-a97d-d965ccfc6d4b" outcome="Passed" testListId="8c84fa94-04c1-424b-9868-57a2d4851a1d" relativeResultsDirectory="47ed155e-66d8-42a7-a805-2cc241ef1498" />
    <UnitTestResult executionId="fab287fa-abc6-4da5-b0eb-fdcece9eb690" testId="ff349d17-c1f4-81ce-9b2c-3bc790ad0f97" testName="SchoolManagementSystem.Tests.Services.HolidayProviderTests.GetAllAnnualHolidays_For2026_ReturnsAllHolidays" computerName="MONTAHERUL" duration="00:00:00.0004018" startTime="2026-06-19T00:33:54.4124958+06:00" endTime="2026-06-19T00:33:54.4124959+06:00" testType="13cdc9d9-ddb5-4fa4-a97d-d965ccfc6d4b" outcome="Passed" testListId="8c84fa94-04c1-424b-9868-57a2d4851a1d" relativeResultsDirectory="fab287fa-abc6-4da5-b0eb-fdcece9eb690" />
    <UnitTestResult executionId="57c2c239-8d65-4f9c-b859-c2cb6423c869" testId="a68ed648-8ab8-2704-f8b6-37eadaf5a0b5" testName="9. StudentPortalResultDto.ExamResults contains SubjectResults" computerName="MONTAHERUL" duration="00:00:00.0003973" startTime="2026-06-19T00:33:54.5773997+06:00" endTime="2026-06-19T00:33:54.5773998+06:00" testType="13cdc9d9-ddb5-4fa4-a97d-d965ccfc6d4b" outcome="Passed" testListId="8c84fa94-04c1-424b-9868-57a2d4851a1d" relativeResultsDirectory="57c2c239-8d65-4f9c-b859-c2cb6423c869" />
    <UnitTestResult executionId="371da0e6-9acd-41eb-b0da-527d787baab9" testId="f0f99b7b-e270-1f50-d38f-e07cd88bf131" testName="14. Guardian codes contain no Create/Edit/Delete/Publish actions" computerName="MONTAHERUL" duration="00:00:00.0001637" startTime="2026-06-19T00:33:54.5534939+06:00" endTime="2026-06-19T00:33:54.5534940+06:00" testType="13cdc9d9-ddb5-4fa4-a97d-d965ccfc6d4b" outcome="Passed" testListId="8c84fa94-04c1-424b-9868-57a2d4851a1d" relativeResultsDirectory="371da0e6-9acd-41eb-b0da-527d787baab9" />
    <UnitTestResult executionId="e921055e-46bc-4d30-944a-82ae5d1be389" testId="ef465939-3e8e-4e6f-e7d7-093e60c6c555" testName="6. Refund approval creates FeeLedger entry" computerName="MONTAHERUL" duration="00:00:00.0819984" startTime="2026-06-19T00:33:54.5749037+06:00" endTime="2026-06-19T00:33:54.5749037+06:00" testType="13cdc9d9-ddb5-4fa4-a97d-d965ccfc6d4b" outcome="Passed" testListId="8c84fa94-04c1-424b-9868-57a2d4851a1d" relativeResultsDirectory="e921055e-46bc-4d30-944a-82ae5d1be389" />
    <UnitTestResult executionId="734fae7f-43dc-4baf-8c8e-0e0a7d4543a6" testId="4d40144f-3877-eae4-1925-07080bab01c1" testName="SchoolManagementSystem.Tests.Services.ResultCalculationTests.GetOverallGrade_ValidGpa_ReturnsCorrectLetter" computerName="MONTAHERUL" duration="00:00:00.0003501" startTime="2026-06-19T00:33:54.3645264+06:00" endTime="2026-06-19T00:33:54.3645264+06:00" testType="13cdc9d9-ddb5-4fa4-a97d-d965ccfc6d4b" outcome="Passed" testListId="8c84fa94-04c1-424b-9868-57a2d4851a1d" relativeResultsDirectory="734fae7f-43dc-4baf-8c8e-0e0a7d4543a6" />
    <UnitTestResult executionId="2e3a2353-8ccd-4a82-af02-a4e8f950c894" testId="86686187-0bbe-8622-d66b-648c911814d1" testName="SchoolManagementSystem.Tests.Services.CalendarViewModeTests.YearView_ReturnsView" computerName="MONTAHERUL" duration="00:00:00.2107418" startTime="2026-06-19T00:33:54.5206382+06:00" endTime="2026-06-19T00:33:54.5206382+06:00" testType="13cdc9d9-ddb5-4fa4-a97d-d965ccfc6d4b" outcome="Passed" testListId="8c84fa94-04c1-424b-9868-57a2d4851a1d" relativeResultsDirectory="2e3a2353-8ccd-4a82-af02-a4e8f950c894" />
    <UnitTestResult executionId="c2a4fa3c-7dbf-4364-9801-32684b9b0957" testId="321acf06-bb75-a938-6d17-d8db73bcf877" testName="42. ReportCardSubjectDto no longer has individual WrittenMarks property" computerName="MONTAHERUL" duration="00:00:00.0003720" startTime="2026-06-19T00:33:54.3655988+06:00" endTime="2026-06-19T00:33:54.3655989+06:00" testType="13cdc9d9-ddb5-4fa4-a97d-d965ccfc6d4b" outcome="Passed" testListId="8c84fa94-04c1-424b-9868-57a2d4851a1d" relativeResultsDirectory="c2a4fa3c-7dbf-4364-9801-32684b9b0957" />
    <UnitTestResult executionId="2141ba2a-1e7a-44b5-af04-f9c715b056a8" testId="35cb3a7b-c37c-5e51-0929-400940f92a6f" testName="SchoolManagementSystem.Tests.Services.CalendarDashboardTests.GetUpcomingHolidaysAsync_LimitsCount" computerName="MONTAHERUL" duration="00:00:00.1023275" startTime="2026-06-19T00:33:54.4252253+06:00" endTime="2026-06-19T00:33:54.4252254+06:00" testType="13cdc9d9-ddb5-4fa4-a97d-d965ccfc6d4b" outcome="Passed" testListId="8c84fa94-04c1-424b-9868-57a2d4851a1d" relativeResultsDirectory="2141ba2a-1e7a-44b5-af04-f9c715b056a8" />
    <UnitTestResult executionId="e20b91ec-7bc0-4d71-a2a5-b3c1e9101957" testId="86d87cc1-1211-dbd5-581e-38565c605b83" testName="SchoolManagementSystem.Tests.Services.NctbCurriculumTests.OptionalSubjectMode_BonusGPA_AddsBonus" computerName="MONTAHERUL" duration="00:00:00.0008409" startTime="2026-06-19T00:33:54.3664915+06:00" endTime="2026-06-19T00:33:54.3664916+06:00" testType="13cdc9d9-ddb5-4fa4-a97d-d965ccfc6d4b" outcome="Passed" testListId="8c84fa94-04c1-424b-9868-57a2d4851a1d" relativeResultsDirectory="e20b91ec-7bc0-4d71-a2a5-b3c1e9101957" />
    <UnitTestResult executionId="379ffe6f-b702-43bd-ad38-d127d77ed76c" testId="fb7feb04-2ccd-f53f-ad96-7365fd1b7728" testName="Collected amount uses Paid status" computerName="MONTAHERUL" duration="00:00:00.0001318" startTime="2026-06-19T00:33:54.3516326+06:00" endTime="2026-06-19T00:33:54.3516327+06:00" testType="13cdc9d9-ddb5-4fa4-a97d-d965ccfc6d4b" outcome="Passed" testListId="8c84fa94-04c1-424b-9868-57a2d4851a1d" relativeResultsDirectory="379ffe6f-b702-43bd-ad38-d127d77ed76c" />
    <UnitTestResult executionId="c0da9913-f8ba-49c8-a3fc-34326849b452" testId="8142a2a8-f7bf-97b6-af37-92c162e3e18d" testName="37. SaveDraft validates component marks before saving" computerName="MONTAHERUL" duration="00:00:00.0127862" startTime="2026-06-19T00:33:54.3639671+06:00" endTime="2026-06-19T00:33:54.3639672+06:00" testType="13cdc9d9-ddb5-4fa4-a97d-d965ccfc6d4b" outcome="Passed" testListId="8c84fa94-04c1-424b-9868-57a2d4851a1d" relativeResultsDirectory="c0da9913-f8ba-49c8-a3fc-34326849b452" />
    <UnitTestResult executionId="a15b3301-d11a-4752-98c1-9755cbb457a6" testId="4c253ef0-9aa8-7638-ea6f-364edce13e79" testName="SchoolManagementSystem.Tests.Services.NctbCurriculumTests.Class1To5_Subjects_MatchNCTB" computerName="MONTAHERUL" duration="00:00:00.0002347" startTime="2026-06-19T00:33:54.3674432+06:00" endTime="2026-06-19T00:33:54.3674433+06:00" testType="13cdc9d9-ddb5-4fa4-a97d-d965ccfc6d4b" outcome="Passed" testListId="8c84fa94-04c1-424b-9868-57a2d4851a1d" relativeResultsDirectory="a15b3301-d11a-4752-98c1-9755cbb457a6" />
    <UnitTestResult executionId="c04bfb77-8050-4550-9c4c-89d5d1519d67" testId="94421de2-2efb-e712-113e-1ea926f1f434" testName="11. RequirePermissionAttribute Super Admin bypass short-circuits" computerName="MONTAHERUL" duration="00:00:00.0765267" startTime="2026-06-19T00:33:54.5477975+06:00" endTime="2026-06-19T00:33:54.5477977+06:00" testType="13cdc9d9-ddb5-4fa4-a97d-d965ccfc6d4b" outcome="Passed" testListId="8c84fa94-04c1-424b-9868-57a2d4851a1d" relativeResultsDirectory="c04bfb77-8050-4550-9c4c-89d5d1519d67" />
    <UnitTestResult executionId="d6bc1fe0-9300-4e7e-8850-7b314583a9b2" testId="232b703a-5033-31d4-48ae-6734c67f3a70" testName="SchoolManagementSystem.Tests.Services.HolidayProviderTests.GetAllAnnualHolidays_2024_LeapYear_DoesNotThrow" computerName="MONTAHERUL" duration="00:00:00.0002190" startTime="2026-06-19T00:33:54.4059581+06:00" endTime="2026-06-19T00:33:54.4059581+06:00" testType="13cdc9d9-ddb5-4fa4-a97d-d965ccfc6d4b" outcome="Passed" testListId="8c84fa94-04c1-424b-9868-57a2d4851a1d" relativeResultsDirectory="d6bc1fe0-9300-4e7e-8850-7b314583a9b2" />
    <UnitTestResult executionId="ff484f33-19c7-4c49-8ac1-bd1994e2ae3e" testId="4512e203-8133-5fee-29e9-e2cddff9b73d" testName="51. ComponentFieldMapper.GetDtoValue is O(1) dictionary lookup" computerName="MONTAHERUL" duration="00:00:00.0009310" startTime="2026-06-19T00:33:54.3671235+06:00" endTime="2026-06-19T00:33:54.3671235+06:00" testType="13cdc9d9-ddb5-4fa4-a97d-d965ccfc6d4b" outcome="Passed" testListId="8c84fa94-04c1-424b-9868-57a2d4851a1d" relativeResultsDirectory="ff484f33-19c7-4c49-8ac1-bd1994e2ae3e" />
    <UnitTestResult executionId="a51815ac-cf7f-4192-9b3f-25f58ebb13d4" testId="35c78bc5-16bb-e6b4-3c92-72abe651d223" testName="10. Invoice ledger entry contains InvoiceNo in description" computerName="MONTAHERUL" duration="00:00:00.0020602" startTime="2026-06-19T00:33:54.6256192+06:00" endTime="2026-06-19T00:33:54.6256193+06:00" testType="13cdc9d9-ddb5-4fa4-a97d-d965ccfc6d4b" outcome="Passed" testListId="8c84fa94-04c1-424b-9868-57a2d4851a1d" relativeResultsDirectory="a51815ac-cf7f-4192-9b3f-25f58ebb13d4" />
    <UnitTestResult executionId="c0ae233f-771a-4597-b5a1-780dfc112a03" testId="7f73cb4c-2879-6ffb-6ae0-9bcaf364e2b3" testName="3. RejectAsync throws when application is Converted" computerName="MONTAHERUL" duration="00:00:00.0008761" startTime="2026-06-19T00:33:54.6058201+06:00" endTime="2026-06-19T00:33:54.6058202+06:00" testType="13cdc9d9-ddb5-4fa4-a97d-d965ccfc6d4b" outcome="Passed" testListId="8c84fa94-04c1-424b-9868-57a2d4851a1d" relativeResultsDirectory="c0ae233f-771a-4597-b5a1-780dfc112a03" />
    <UnitTestResult executionId="7766461f-b427-4a74-ad58-895c9782e48a" testId="740f4035-eac9-e9ae-eea4-4656c4490cee" testName="5c. Report card shows only matching religion subject" computerName="MONTAHERUL" duration="00:00:00.0002803" startTime="2026-06-19T00:33:54.5181918+06:00" endTime="2026-06-19T00:33:54.5181918+06:00" testType="13cdc9d9-ddb5-4fa4-a97d-d965ccfc6d4b" outcome="Passed" testListId="8c84fa94-04c1-424b-9868-57a2d4851a1d" relativeResultsDirectory="7766461f-b427-4a74-ad58-895c9782e48a" />
    <UnitTestResult executionId="248e8e05-7e41-4b22-abf7-231ecc6d451e" testId="3575b586-f9b4-8414-c198-641fe33b4e09" testName="12. GetByIdAsync returns null for deleted record" computerName="MONTAHERUL" duration="00:00:00.0011467" startTime="2026-06-19T00:33:54.6070054+06:00" endTime="2026-06-19T00:33:54.6070055+06:00" testType="13cdc9d9-ddb5-4fa4-a97d-d965ccfc6d4b" outcome="Passed" testListId="8c84fa94-04c1-424b-9868-57a2d4851a1d" relativeResultsDirectory="248e8e05-7e41-4b22-abf7-231ecc6d451e" />
    <UnitTestResult executionId="d4192eb9-b757-4de8-bf7d-c1e869746ff0" testId="829a2953-62d8-71bf-1225-7f73872a2cf4" testName="8. Transaction commits after valid payment" computerName="MONTAHERUL" duration="00:00:00.0037586" startTime="2026-06-19T00:33:54.5108029+06:00" endTime="2026-06-19T00:33:54.5108029+06:00" testType="13cdc9d9-ddb5-4fa4-a97d-d965ccfc6d4b" outcome="Passed" testListId="8c84fa94-04c1-424b-9868-57a2d4851a1d" relativeResultsDirectory="d4192eb9-b757-4de8-bf7d-c1e869746ff0" />
    <UnitTestResult executionId="6819c351-b131-4a22-b6f9-306fa4f7dbf8" testId="902dd301-b503-5709-cee7-8974e2b89616" testName="11. ReversePromotionAsync wraps in transaction" computerName="MONTAHERUL" duration="00:00:00.0028340" startTime="2026-06-19T00:33:54.6620232+06:00" endTime="2026-06-19T00:33:54.6620234+06:00" testType="13cdc9d9-ddb5-4fa4-a97d-d965ccfc6d4b" outcome="Passed" testListId="8c84fa94-04c1-424b-9868-57a2d4851a1d" relativeResultsDirectory="6819c351-b131-4a22-b6f9-306fa4f7dbf8" />
    <UnitTestResult executionId="3e775ca7-b6e1-426f-bab4-d52f376b70ed" testId="a1c2f9b7-40a4-28be-d450-b26e69e4a021" testName="28. ComponentFieldMapper.ComputeTotalFromDto with null components returns 0" computerName="MONTAHERUL" duration="00:00:00.0001228" startTime="2026-06-19T00:33:54.4466497+06:00" endTime="2026-06-19T00:33:54.4466498+06:00" testType="13cdc9d9-ddb5-4fa4-a97d-d965ccfc6d4b" outcome="Passed" testListId="8c84fa94-04c1-424b-9868-57a2d4851a1d" relativeResultsDirectory="3e775ca7-b6e1-426f-bab4-d52f376b70ed" />
    <UnitTestResult executionId="606c75f6-0275-454a-aa57-dba4a886cd87" testId="5bbd78a1-5f97-1153-bffc-5088f2f3fbca" testName="21. PublishResultsAsync rejects already published exam" computerName="MONTAHERUL" duration="00:00:00.0730920" startTime="2026-06-19T00:33:54.5834718+06:00" endTime="2026-06-19T00:33:54.5834718+06:00" testType="13cdc9d9-ddb5-4fa4-a97d-d965ccfc6d4b" outcome="Passed" testListId="8c84fa94-04c1-424b-9868-57a2d4851a1d" relativeResultsDirectory="606c75f6-0275-454a-aa57-dba4a886cd87" />
    <UnitTestResult executionId="2e10fd27-3a86-4d64-b61b-b3bdc2c1f38e" testId="8af7773c-5557-722f-8882-483a7d3d5c73" testName="Admin fallback routes to admin Index, not Accountant" computerName="MONTAHERUL" duration="00:00:00.0012177" startTime="2026-06-19T00:33:54.4090440+06:00" endTime="2026-06-19T00:33:54.4090441+06:00" testType="13cdc9d9-ddb5-4fa4-a97d-d965ccfc6d4b" outcome="Passed" testListId="8c84fa94-04c1-424b-9868-57a2d4851a1d" relativeResultsDirectory="2e10fd27-3a86-4d64-b61b-b3bdc2c1f38e" />
    <UnitTestResult executionId="77ff9339-3e39-40ef-b43f-3f3a0c2490e6" testId="33e025fd-890f-abda-8bf8-68947bac97af" testName="SchoolManagementSystem.Tests.Services.NctbCurriculumTests.Nctb_AllSubjectCodesAreUnique" computerName="MONTAHERUL" duration="00:00:00.0002176" startTime="2026-06-19T00:33:54.3694033+06:00" endTime="2026-06-19T00:33:54.3694034+06:00" testType="13cdc9d9-ddb5-4fa4-a97d-d965ccfc6d4b" outcome="Passed" testListId="8c84fa94-04c1-424b-9868-57a2d4851a1d" relativeResultsDirectory="77ff9339-3e39-40ef-b43f-3f3a0c2490e6" />
    <UnitTestResult executionId="d26c1027-290b-4d95-a26c-163f957319ba" testId="96eeec41-6692-83bd-f6af-ca8c9d035937" testName="9d. Report Card shows optional subject correctly" computerName="MONTAHERUL" duration="00:00:00.0002433" startTime="2026-06-19T00:33:54.5053550+06:00" endTime="2026-06-19T00:33:54.5053551+06:00" testType="13cdc9d9-ddb5-4fa4-a97d-d965ccfc6d4b" outcome="Passed" testListId="8c84fa94-04c1-424b-9868-57a2d4851a1d" relativeResultsDirectory="d26c1027-290b-4d95-a26c-163f957319ba" />
    <UnitTestResult executionId="be5ab740-64cb-496b-8ba5-80a12889681d" testId="1fbd883a-cfdb-6f75-f905-d2ffa942a3ff" testName="SchoolManagementSystem.Tests.Services.HolidayMasterServiceTests.GetByIdAsync_DeletedEntity_ReturnsNull" computerName="MONTAHERUL" duration="00:00:00.0804759" startTime="2026-06-19T00:33:54.4213318+06:00" endTime="2026-06-19T00:33:54.4213319+06:00" testType="13cdc9d9-ddb5-4fa4-a97d-d965ccfc6d4b" outcome="Passed" testListId="8c84fa94-04c1-424b-9868-57a2d4851a1d" relativeResultsDirectory="be5ab740-64cb-496b-8ba5-80a12889681d" />
    <UnitTestResult executionId="506bebed-1e35-47b5-a42b-d7edc8d05716" testId="58295a51-3221-07bd-e0b8-37d1d3ff90aa" testName="SchoolManagementSystem.Tests.Services.CalendarViewModeTests.GetAgendaData_ReturnsItemsSorted" computerName="MONTAHERUL" duration="00:00:01.3736136" startTime="2026-06-19T00:33:55.9050180+06:00" endTime="2026-06-19T00:33:55.9050184+06:00" testType="13cdc9d9-ddb5-4fa4-a97d-d965ccfc6d4b" outcome="Passed" testListId="8c84fa94-04c1-424b-9868-57a2d4851a1d" relativeResultsDirectory="506bebed-1e35-47b5-a42b-d7edc8d05716" />
    <UnitTestResult executionId="d53e2af9-2652-4935-ae68-14e2cda7a78d" testId="5854d0a2-d6a2-1e3c-e6e3-88309d853cf5" testName="SchoolManagementSystem.Tests.Services.HolidayMasterServiceTests.CreateAsync_ValidDto_ReturnsId" computerName="MONTAHERUL" duration="00:00:00.0040330" startTime="2026-06-19T00:33:54.4293949+06:00" endTime="2026-06-19T00:33:54.4293951+06:00" testType="13cdc9d9-ddb5-4fa4-a97d-d965ccfc6d4b" outcome="Passed" testListId="8c84fa94-04c1-424b-9868-57a2d4851a1d" relativeResultsDirectory="d53e2af9-2652-4935-ae68-14e2cda7a78d" />
    <UnitTestResult executionId="c9f3493a-5d89-40f7-987a-65ff9637e124" testId="c3cc4f97-bcd9-fcc3-81f1-20038751f176" testName="35. MarkBatchDto preserves teacher scope" computerName="MONTAHERUL" duration="00:00:00.0016424" startTime="2026-06-19T00:33:54.3990777+06:00" endTime="2026-06-19T00:33:54.3990781+06:00" testType="13cdc9d9-ddb5-4fa4-a97d-d965ccfc6d4b" outcome="Passed" testListId="8c84fa94-04c1-424b-9868-57a2d4851a1d" relativeResultsDirectory="c9f3493a-5d89-40f7-987a-65ff9637e124" />
    <UnitTestResult executionId="b9948cda-4608-46d3-8ffc-fe2e8c4e2f3c" testId="6b377424-023c-5941-c11d-16ae4d76c8ca" testName="SchoolManagementSystem.Tests.Services.CalendarOperationalTests.GenerateYearAsync_SetsAcademicYearId" computerName="MONTAHERUL" duration="00:00:00.0041824" startTime="2026-06-19T00:33:54.4481787+06:00" endTime="2026-06-19T00:33:54.4481788+06:00" testType="13cdc9d9-ddb5-4fa4-a97d-d965ccfc6d4b" outcome="Passed" testListId="8c84fa94-04c1-424b-9868-57a2d4851a1d" relativeResultsDirectory="b9948cda-4608-46d3-8ffc-fe2e8c4e2f3c" />
    <UnitTestResult executionId="95aee5e3-1e44-4c56-94dc-e72d76c15fd8" testId="446ce70e-ea49-6398-05f1-9ae82a52dc16" testName="5a. Muslim student gets only IRE (Islam) subject(religion: &quot;Christian&quot;, expectedCode: &quot;CRE&quot;, expectedSubjectId: 33)" computerName="MONTAHERUL" duration="00:00:00.0000045" startTime="2026-06-19T00:33:54.4672378+06:00" endTime="2026-06-19T00:33:54.4672379+06:00" testType="13cdc9d9-ddb5-4fa4-a97d-d965ccfc6d4b" outcome="Passed" testListId="8c84fa94-04c1-424b-9868-57a2d4851a1d" relativeResultsDirectory="95aee5e3-1e44-4c56-94dc-e72d76c15fd8" />
    <UnitTestResult executionId="2ba63303-60a8-486a-a171-cbecaf168c6f" testId="41a29d15-d6a5-a9cf-69c4-bfcc6b1c31ec" testName="SchoolManagementSystem.Tests.Services.HolidayProviderTests.GetIslamicHolidays_Religion_IsIslam" computerName="MONTAHERUL" duration="00:00:00.0007760" startTime="2026-06-19T00:33:54.4057117+06:00" endTime="2026-06-19T00:33:54.4057118+06:00" testType="13cdc9d9-ddb5-4fa4-a97d-d965ccfc6d4b" outcome="Passed" testListId="8c84fa94-04c1-424b-9868-57a2d4851a1d" relativeResultsDirectory="2ba63303-60a8-486a-a171-cbecaf168c6f" />
    <UnitTestResult executionId="e7d585e2-d386-4646-8e61-fc31755e0b50" testId="6fce6979-7eb1-4ef3-b96c-70c2773cd31f" testName="SchoolManagementSystem.Tests.Services.Phase31B_SubjectComponentAssignmentTests.GetComponentPreviewsAsync_ReturnsCorrectChemistryBreakdown" computerName="MONTAHERUL" duration="00:00:00.0038386" startTime="2026-06-19T00:33:54.6143845+06:00" endTime="2026-06-19T00:33:54.6143847+06:00" testType="13cdc9d9-ddb5-4fa4-a97d-d965ccfc6d4b" outcome="Passed" testListId="8c84fa94-04c1-424b-9868-57a2d4851a1d" relativeResultsDirectory="e7d585e2-d386-4646-8e61-fc31755e0b50" />
    <UnitTestResult executionId="03736ff2-9661-41e6-b7d4-b353c601c2bd" testId="7dbfc864-81a2-8935-1f52-fd4e468bc9d6" testName="SchoolManagementSystem.Tests.Services.CalendarAccessibilityTests.UpcomingHolidayDto_HasDayOfWeekProperty" computerName="MONTAHERUL" duration="00:00:00.0004459" startTime="2026-06-19T00:33:54.4526953+06:00" endTime="2026-06-19T00:33:54.4526953+06:00" testType="13cdc9d9-ddb5-4fa4-a97d-d965ccfc6d4b" outcome="Passed" testListId="8c84fa94-04c1-424b-9868-57a2d4851a1d" relativeResultsDirectory="03736ff2-9661-41e6-b7d4-b353c601c2bd" />
    <UnitTestResult executionId="11e60dae-3fd7-496d-b836-bc547331f861" testId="f99a8de4-086f-aae7-d476-19997a119de3" testName="SchoolManagementSystem.Tests.Services.CalendarViewModeTests.WidgetMonthSummary_ReturnsJson" computerName="MONTAHERUL" duration="00:00:00.0026401" startTime="2026-06-19T00:33:55.9585178+06:00" endTime="2026-06-19T00:33:55.9585182+06:00" testType="13cdc9d9-ddb5-4fa4-a97d-d965ccfc6d4b" outcome="Passed" testListId="8c84fa94-04c1-424b-9868-57a2d4851a1d" relativeResultsDirectory="11e60dae-3fd7-496d-b836-bc547331f861" />
    <UnitTestResult executionId="22eacfbb-2ed9-42bd-964f-a5117a51b193" testId="26279651-4a45-d9a3-44e0-07dcbec0196e" testName="7. StudentSubjectResultDto has all required fields" computerName="MONTAHERUL" duration="00:00:00.0007107" startTime="2026-06-19T00:33:54.5849611+06:00" endTime="2026-06-19T00:33:54.5849613+06:00" testType="13cdc9d9-ddb5-4fa4-a97d-d965ccfc6d4b" outcome="Passed" testListId="8c84fa94-04c1-424b-9868-57a2d4851a1d" relativeResultsDirectory="22eacfbb-2ed9-42bd-964f-a5117a51b193" />
    <UnitTestResult executionId="96d83573-26c8-4911-8c07-a193f634f167" testId="11535e46-8683-da78-4baa-68175e07f271" testName="13. Negative payment amount is rejected" computerName="MONTAHERUL" duration="00:00:00.0014087" startTime="2026-06-19T00:33:54.5237900+06:00" endTime="2026-06-19T00:33:54.5237902+06:00" testType="13cdc9d9-ddb5-4fa4-a97d-d965ccfc6d4b" outcome="Passed" testListId="8c84fa94-04c1-424b-9868-57a2d4851a1d" relativeResultsDirectory="96d83573-26c8-4911-8c07-a193f634f167" />
    <UnitTestResult executionId="39bc88ad-2b83-4cf2-8b78-f4c121159b8c" testId="f67a515b-0ce3-8b3d-abd2-7dc73279620e" testName="1f. Teacher Export Excel includes PROJECT column" computerName="MONTAHERUL" duration="00:00:00.0005180" startTime="2026-06-19T00:33:54.5038556+06:00" endTime="2026-06-19T00:33:54.5038557+06:00" testType="13cdc9d9-ddb5-4fa4-a97d-d965ccfc6d4b" outcome="Passed" testListId="8c84fa94-04c1-424b-9868-57a2d4851a1d" relativeResultsDirectory="39bc88ad-2b83-4cf2-8b78-f4c121159b8c" />
    <UnitTestResult executionId="87bd67ad-52a6-47f3-9d66-5dac4bd692b3" testId="8aa5efdd-7080-c968-262f-f2fb0ea65bd7" testName="SchoolManagementSystem.Tests.Services.CalendarAccessibilityTests.GenerateYearAsync_WeekendTitlesDescribeWeekend" computerName="MONTAHERUL" duration="00:00:00.0041939" startTime="2026-06-19T00:33:54.4666660+06:00" endTime="2026-06-19T00:33:54.4666660+06:00" testType="13cdc9d9-ddb5-4fa4-a97d-d965ccfc6d4b" outcome="Passed" testListId="8c84fa94-04c1-424b-9868-57a2d4851a1d" relativeResultsDirectory="87bd67ad-52a6-47f3-9d66-5dac4bd692b3" />
[...]
    <TestEntry testId="44284d1c-9231-9e3d-c56a-3c3bfae84822" executionId="51cd5f4a-4830-485c-9d59-0b84addd77b2" testListId="8c84fa94-04c1-424b-9868-57a2d4851a1d" />
    <TestEntry testId="1274d2bd-0718-cc88-65a9-64640803a98f" executionId="c7429691-c3eb-464a-ac7b-ff69af78c799" testListId="8c84fa94-04c1-424b-9868-57a2d4851a1d" />
    <TestEntry testId="e3044588-9181-42e9-c504-5287b66a252d" executionId="20bfc5db-9c7d-4502-a103-08fc206bbcbd" testListId="8c84fa94-04c1-424b-9868-57a2d4851a1d" />
    <TestEntry testId="e1f25479-47ab-f252-3984-f3050d8cbc8c" executionId="049fd7c5-91b3-4af3-bf8d-30bc29a1bc2b" testListId="8c84fa94-04c1-424b-9868-57a2d4851a1d" />
    <TestEntry testId="085d1af7-8647-a0e1-b43a-b89f55711da8" executionId="389cf1cb-173a-47aa-b7fc-dfdb0003e5d8" testListId="8c84fa94-04c1-424b-9868-57a2d4851a1d" />
    <TestEntry testId="5a5bbf32-26c6-3e8d-44fa-c21de7dbf40a" executionId="6d83c25d-a425-49fa-984a-29e4d3fb4a68" testListId="8c84fa94-04c1-424b-9868-57a2d4851a1d" />
    <TestEntry testId="3a26d368-c9f2-cc69-fe71-5c6037019e4f" executionId="adeb86ea-27bb-44ab-a576-cd5cdb2ff6a7" testListId="8c84fa94-04c1-424b-9868-57a2d4851a1d" />
    <TestEntry testId="38d1d885-f848-619b-417b-3b4deef96845" executionId="133ee98a-c51d-4478-a31b-0372bd2ae5b4" testListId="8c84fa94-04c1-424b-9868-57a2d4851a1d" />
    <TestEntry testId="c619a888-7683-3069-45ad-22b944ec549c" executionId="098d8624-9980-49bd-82be-56a1a8909d4b" testListId="8c84fa94-04c1-424b-9868-57a2d4851a1d" />
    <TestEntry testId="668a19f2-253c-f0aa-60fb-22e245f7d022" executionId="473ac46b-e82c-40ef-a9a1-5e7865e75d07" testListId="8c84fa94-04c1-424b-9868-57a2d4851a1d" />
    <TestEntry testId="bdaf5c69-6289-c445-69c3-12aae4263738" executionId="05837272-acfd-4606-b9f0-74c6e3f75e9e" testListId="8c84fa94-04c1-424b-9868-57a2d4851a1d" />
    <TestEntry testId="705c0e57-b838-628c-5a05-cb3d94d12cf7" executionId="eb2b2acb-761f-453a-8b5d-e68dab5aebe8" testListId="8c84fa94-04c1-424b-9868-57a2d4851a1d" />
    <TestEntry testId="2ab964c1-2344-1fda-9ef7-8f5305f48f6d" executionId="71301237-2a57-4c93-99ec-0115d98b06da" testListId="8c84fa94-04c1-424b-9868-57a2d4851a1d" />
    <TestEntry testId="dfa336c7-b81c-8783-8ddd-08b8b11c29a5" executionId="5c39b4d0-15e7-47d5-929e-9b1e54a34195" testListId="8c84fa94-04c1-424b-9868-57a2d4851a1d" />
    <TestEntry testId="f05b62e9-6fd6-b75e-2887-524fbe0bd59b" executionId="133de81a-6239-4c15-93bc-f1c16736b3e2" testListId="8c84fa94-04c1-424b-9868-57a2d4851a1d" />
    <TestEntry testId="915eadd7-bfbb-ca21-2793-c2c60f1abb97" executionId="85c15c7e-b3d7-423a-b3e2-6e8608aeb2dd" testListId="8c84fa94-04c1-424b-9868-57a2d4851a1d" />
    <TestEntry testId="62d27d32-1eb4-3467-e807-e042f621d3ec" executionId="fccaec4f-e1a6-4dab-9c0d-b319d51c3670" testListId="8c84fa94-04c1-424b-9868-57a2d4851a1d" />
    <TestEntry testId="a78fa385-cbf3-81fb-0354-a001d357cef9" executionId="6a21f504-e79e-4f3e-9480-188d69a41f0b" testListId="8c84fa94-04c1-424b-9868-57a2d4851a1d" />
    <TestEntry testId="03e20d10-7265-2316-7ca5-7b356706165e" executionId="43289f66-3320-46d6-87e4-a82f728679df" testListId="8c84fa94-04c1-424b-9868-57a2d4851a1d" />
    <TestEntry testId="1998f56c-1ff9-0166-6840-4238cb6fdeac" executionId="cad8318f-5615-4fd8-abda-19029ae988b6" testListId="8c84fa94-04c1-424b-9868-57a2d4851a1d" />
    <TestEntry testId="306c20eb-cdbe-9450-36c9-ed146590fdd0" executionId="4609f19e-3aae-4a30-9557-dbed02faa90f" testListId="8c84fa94-04c1-424b-9868-57a2d4851a1d" />
    <TestEntry testId="7d71faa5-420e-9aef-38c1-22560ca4c3d0" executionId="79459a84-4b75-41f0-9389-0dec8fa778b0" testListId="8c84fa94-04c1-424b-9868-57a2d4851a1d" />
    <TestEntry testId="1e8b75a9-770f-d9a2-03d4-e029acae1bd7" executionId="e4a86437-45b6-47a9-83e5-2646ff3cdbb7" testListId="8c84fa94-04c1-424b-9868-57a2d4851a1d" />
    <TestEntry testId="79749ab6-c1ea-2ead-de6e-31e30c984358" executionId="6def59b7-36d1-4686-8b04-7d2c5ecf5264" testListId="8c84fa94-04c1-424b-9868-57a2d4851a1d" />
    <TestEntry testId="d250a5d9-4a5e-f40a-7de1-e641bf20531e" executionId="d6e22896-193a-4b98-9105-1bf8f894178e" testListId="8c84fa94-04c1-424b-9868-57a2d4851a1d" />
    <TestEntry testId="6add9d2b-86c8-565d-6e12-d93d869079b7" executionId="2361756c-a751-4583-acee-68f0955fc7ff" testListId="8c84fa94-04c1-424b-9868-57a2d4851a1d" />
    <TestEntry testId="b330857d-6f9a-3848-3954-2f8a403d540d" executionId="c63051e5-c2bf-4d75-b7c7-6264d51a8229" testListId="8c84fa94-04c1-424b-9868-57a2d4851a1d" />
    <TestEntry testId="ff3d2b2a-7ab0-b815-5fb6-f5a70c35be76" executionId="92db9440-23d8-492d-9781-756e301287d6" testListId="8c84fa94-04c1-424b-9868-57a2d4851a1d" />
    <TestEntry testId="af04a947-71d3-a12c-cbd7-021b08108f0f" executionId="e814fc26-69d6-47bb-8a52-1ada3353ab3c" testListId="8c84fa94-04c1-424b-9868-57a2d4851a1d" />
    <TestEntry testId="6738a816-fd6c-f59b-3098-c920eec65899" executionId="8a819353-4134-4ee0-a005-6542497e7431" testListId="8c84fa94-04c1-424b-9868-57a2d4851a1d" />
    <TestEntry testId="bf3cc804-e209-48bd-5025-79b32cecfe08" executionId="a3ac2472-b345-4fb0-9534-7fa8feebe31e" testListId="8c84fa94-04c1-424b-9868-57a2d4851a1d" />
    <TestEntry testId="4d1091cc-89e9-9482-1799-430d85b74e16" executionId="c0d85d93-dd28-4cd8-a1ec-c45381d50c00" testListId="8c84fa94-04c1-424b-9868-57a2d4851a1d" />
    <TestEntry testId="21895884-7b65-c838-1ab4-e2278b0c773c" executionId="3b30cf2c-f440-4cf8-8b6f-1823e48c86dc" testListId="8c84fa94-04c1-424b-9868-57a2d4851a1d" />
    <TestEntry testId="4f69b07e-abac-9460-2562-4ac4fd641349" executionId="5253978b-8369-4a65-a293-6f9ea55b9b46" testListId="8c84fa94-04c1-424b-9868-57a2d4851a1d" />
    <TestEntry testId="b00ca92f-74ce-72ff-b875-b9dfdbd1f522" executionId="302c4076-a6e6-4846-8fdb-c904e25bed44" testListId="8c84fa94-04c1-424b-9868-57a2d4851a1d" />
    <TestEntry testId="573fed97-fe10-dcf0-31c6-ada8ca0b38f6" executionId="72d05b66-d8a8-4f1b-a14e-c1238fce48e6" testListId="8c84fa94-04c1-424b-9868-57a2d4851a1d" />
    <TestEntry testId="ff3218c0-ad45-8b1a-635e-4867d4b04f7d" executionId="fa81d4cb-2ca1-4934-99a9-4acffb950a07" testListId="8c84fa94-04c1-424b-9868-57a2d4851a1d" />
    <TestEntry testId="ecd2f0f4-5e0e-6bab-a807-34591e50a5ce" executionId="1b8f4273-0c21-4941-b2bd-37a48fe71352" testListId="8c84fa94-04c1-424b-9868-57a2d4851a1d" />
    <TestEntry testId="fdb7c8a7-44bb-ce36-b187-314fab61206a" executionId="f79b776c-20fd-466e-a719-86652066b3a5" testListId="8c84fa94-04c1-424b-9868-57a2d4851a1d" />
    <TestEntry testId="e1b85f70-aef3-7e25-01e9-171848296251" executionId="a89df5b8-f17e-4671-8c05-f11e256576f3" testListId="8c84fa94-04c1-424b-9868-57a2d4851a1d" />
    <TestEntry testId="8df37441-dfff-f3ad-da8c-43b1a93c5cf7" executionId="a11ef48d-9463-4e9e-aba2-b81fb5102a4c" testListId="8c84fa94-04c1-424b-9868-57a2d4851a1d" />
    <TestEntry testId="7009a16d-9ba6-0fb1-6231-b75a4b3e80cf" executionId="7da57bfd-914f-4e9c-8893-c07df2495c9f" testListId="8c84fa94-04c1-424b-9868-57a2d4851a1d" />
    <TestEntry testId="b6d21ea7-b843-c894-321e-344d4dfc4217" executionId="bb48044e-b74a-4dfa-9381-6a01e5b981b7" testListId="8c84fa94-04c1-424b-9868-57a2d4851a1d" />
    <TestEntry testId="5671a229-98dd-6c19-1883-56ee7d023f42" executionId="2c1c019f-d1d8-4374-8745-dd441a564d5d" testListId="8c84fa94-04c1-424b-9868-57a2d4851a1d" />
    <TestEntry testId="a9c02a4c-6a8c-d16b-06ac-be4144cfbc70" executionId="aa60a13a-af85-43a8-9625-1f1893e8d52a" testListId="8c84fa94-04c1-424b-9868-57a2d4851a1d" />
    <TestEntry testId="9ff35c85-b0f5-b362-d271-0e381db78bbf" executionId="921e323d-5bf3-4c0c-bac5-7d14935189b5" testListId="8c84fa94-04c1-424b-9868-57a2d4851a1d" />
    <TestEntry testId="05849c88-83b8-8daa-12de-3a925c22d5d3" executionId="bb9fea36-6680-44b8-81a7-da6e1148b130" testListId="8c84fa94-04c1-424b-9868-57a2d4851a1d" />
    <TestEntry testId="1cc37576-1482-9d0d-523b-b2d063edbdbd" executionId="d6d911ae-9415-40e4-b341-ac7df5f7ed84" testListId="8c84fa94-04c1-424b-9868-57a2d4851a1d" />
    <TestEntry testId="506e7d52-80ef-fdfd-61d4-b18ac1419bfd" executionId="6752f76d-2825-444f-8c09-5ac55bec4c8c" testListId="8c84fa94-04c1-424b-9868-57a2d4851a1d" />
    <TestEntry testId="1446a39e-22a0-fcda-75e8-57f3463ad303" executionId="d368634a-455a-4218-bb9b-2fdd277a1e90" testListId="8c84fa94-04c1-424b-9868-57a2d4851a1d" />
    <TestEntry testId="b11b7f69-5461-613b-e63a-9fbc50943021" executionId="93e863b3-69d1-4466-9fb8-920bca389906" testListId="8c84fa94-04c1-424b-9868-57a2d4851a1d" />
    <TestEntry testId="6ab2bb26-cca6-fb8b-bc76-50686ea9a367" executionId="cb1e2924-722a-4d9a-a746-5a00f0cc8f37" testListId="8c84fa94-04c1-424b-9868-57a2d4851a1d" />
    <TestEntry testId="1ae9b8be-77ff-e007-cdcf-6138c74d6457" executionId="5fab8361-a686-49b3-a025-7a4cdcfbe08b" testListId="8c84fa94-04c1-424b-9868-57a2d4851a1d" />
    <TestEntry testId="5c0aa1c3-8b73-c8e3-adc8-38761c5a1a2e" executionId="d8802d2a-ac62-454c-94f9-f36ff5e008a8" testListId="8c84fa94-04c1-424b-9868-57a2d4851a1d" />
    <TestEntry testId="2b982677-3d3d-5e61-1883-9791802a3160" executionId="4d1e6c52-6f25-4203-a46d-a159146d163c" testListId="8c84fa94-04c1-424b-9868-57a2d4851a1d" />
    <TestEntry testId="ce7e74fc-bcb6-98d2-0650-3f55342aac4f" executionId="59c808d0-50cf-4705-9698-64802dc9189a" testListId="8c84fa94-04c1-424b-9868-57a2d4851a1d" />
    <TestEntry testId="f42de765-d95a-90a8-e6e5-af32eb4f05e9" executionId="ba2db8d4-a2b0-47d4-b73b-0b2be7ea4317" testListId="8c84fa94-04c1-424b-9868-57a2d4851a1d" />
    <TestEntry testId="1fcb051d-272c-e360-74b7-e5cf1c4059f4" executionId="0f8fe81c-4e8b-4839-937b-55e6633948b0" testListId="8c84fa94-04c1-424b-9868-57a2d4851a1d" />
    <TestEntry testId="52457792-edad-0fde-7944-b0c79c77181a" executionId="b32157bc-0fd0-450c-8f38-5d93c60e8fff" testListId="8c84fa94-04c1-424b-9868-57a2d4851a1d" />
    <TestEntry testId="63725d53-02b7-c4fa-45ca-9c863ed98948" executionId="4b9cd203-29f9-4da2-bf3e-907d96c3b1f7" testListId="8c84fa94-04c1-424b-9868-57a2d4851a1d" />
    <TestEntry testId="4de38ddb-b8f3-5d2d-7498-23d4901b742d" executionId="8cf3baf5-54a7-46d3-9aee-baa28c0eaf5e" testListId="8c84fa94-04c1-424b-9868-57a2d4851a1d" />
    <TestEntry testId="83fabb3b-0ef5-b9b5-5b80-b46a2147c666" executionId="b925b0e7-2f53-4f60-a480-883e9e61b79b" testListId="8c84fa94-04c1-424b-9868-57a2d4851a1d" />
    <TestEntry testId="91ad210c-db1c-9755-309d-a566226af45a" executionId="ba89b8c4-7d7d-407a-b128-134617131c75" testListId="8c84fa94-04c1-424b-9868-57a2d4851a1d" />
    <TestEntry testId="726e072c-4f2c-1995-2f3c-1e49252c25e9" executionId="96ddcce7-4abc-4fc4-af89-bbdfd77fc082" testListId="8c84fa94-04c1-424b-9868-57a2d4851a1d" />
    <TestEntry testId="d5ab98b0-3f3e-852f-3f0d-6d6b3a3e7521" executionId="7cffcdae-87f0-413a-9628-c63a9b90f86c" testListId="8c84fa94-04c1-424b-9868-57a2d4851a1d" />
    <TestEntry testId="4745d53b-d487-7b02-ba71-36d87c7df947" executionId="0fe127ff-09ac-4e00-9dd9-269f36e28346" testListId="8c84fa94-04c1-424b-9868-57a2d4851a1d" />
    <TestEntry testId="aac872f1-7f37-e3ff-2f0e-e5c593bbbcdf" executionId="1d9362b7-fddb-44dd-9a1a-aaefc81ad00a" testListId="8c84fa94-04c1-424b-9868-57a2d4851a1d" />
    <TestEntry testId="58df1051-ccb9-7247-4633-fa531f520375" executionId="511db717-0783-4fad-a56e-012eed00901e" testListId="8c84fa94-04c1-424b-9868-57a2d4851a1d" />
    <TestEntry testId="2c1c640e-60e2-509a-4fc4-37a9cb4b2b27" executionId="3bb1a11a-3456-4ef0-85e0-e5aff9f20cc0" testListId="8c84fa94-04c1-424b-9868-57a2d4851a1d" />
    <TestEntry testId="a057a7b4-3c01-2d1e-b266-054325e1b755" executionId="31da93d9-414d-4807-b39f-8344ff196cd6" testListId="8c84fa94-04c1-424b-9868-57a2d4851a1d" />
    <TestEntry testId="b52560ba-d496-8eb7-bca2-cb466010cc50" executionId="27d3c4ec-031b-4a0a-bf04-960fa8d01a77" testListId="8c84fa94-04c1-424b-9868-57a2d4851a1d" />
    <TestEntry testId="3017fe54-ebad-81c4-5b22-daeeba943119" executionId="8392fc42-7c50-4821-84c6-3faf0677526f" testListId="8c84fa94-04c1-424b-9868-57a2d4851a1d" />
    <TestEntry testId="ae368689-7c6d-fbce-7d73-9ac7ac2707dd" executionId="3493e2d9-c94d-43d0-954b-ec39eb8ffc8b" testListId="8c84fa94-04c1-424b-9868-57a2d4851a1d" />
    <TestEntry testId="f4ba81c9-b717-5b28-6a9d-f2fc137c62fe" executionId="cf7355bd-c307-426b-aa54-51af10cf62e6" testListId="8c84fa94-04c1-424b-9868-57a2d4851a1d" />
    <TestEntry testId="6c8497a1-be37-2fe1-9b92-20c54181f510" executionId="8539b3a9-a413-4a29-936c-0046f6fe5815" testListId="8c84fa94-04c1-424b-9868-57a2d4851a1d" />
    <TestEntry testId="42bd0f32-ee1e-f791-0c4b-e2df52999a3e" executionId="96959902-ac4d-4f2f-885a-718b69c20880" testListId="8c84fa94-04c1-424b-9868-57a2d4851a1d" />
    <TestEntry testId="de1802f8-192b-9efc-b765-3fa4e2817169" executionId="acc1caac-9e16-4b18-a298-b33c033f4a33" testListId="8c84fa94-04c1-424b-9868-57a2d4851a1d" />
    <TestEntry testId="05844845-4a62-6e7c-eb9f-ab482977e0c3" executionId="ec553e89-6106-4372-8e13-93edbcd1f091" testListId="8c84fa94-04c1-424b-9868-57a2d4851a1d" />
    <TestEntry testId="c90ae54c-5303-fa78-3ef3-7d660d21a913" executionId="6849622f-4651-4f0e-81cb-4956fd3652d4" testListId="8c84fa94-04c1-424b-9868-57a2d4851a1d" />
    <TestEntry testId="b75d5ac1-129f-243c-ff45-c445e9833fa3" executionId="5aaa0543-b559-4732-8a82-d7c3454d2b59" testListId="8c84fa94-04c1-424b-9868-57a2d4851a1d" />
    <TestEntry testId="b1bab6ce-bcbb-8a93-3bfd-86effcee1305" executionId="c0fabd77-8653-4e56-b61a-80b4aff027a0" testListId="8c84fa94-04c1-424b-9868-57a2d4851a1d" />
    <TestEntry testId="e6e3e144-506c-5b95-dc1d-c2b8e3e401f4" executionId="3d7148ad-6c4b-40f6-8809-4514808f9521" testListId="8c84fa94-04c1-424b-9868-57a2d4851a1d" />
    <TestEntry testId="cfc2a9c7-1ef1-5c2e-2b91-66932b542a80" executionId="f951c53c-95dc-449a-a87f-7590656c4414" testListId="8c84fa94-04c1-424b-9868-57a2d4851a1d" />
    <TestEntry testId="d9f9c13a-01f9-588f-26ff-332b923b2e09" executionId="2faa2caf-60aa-493c-b003-5dc6febc3121" testListId="8c84fa94-04c1-424b-9868-57a2d4851a1d" />
    <TestEntry testId="78a02f8c-8352-9cb1-8ecf-408dfa7c9989" executionId="af68e764-81d0-4323-8799-0ae61994cf63" testListId="8c84fa94-04c1-424b-9868-57a2d4851a1d" />
    <TestEntry testId="dc76301b-89e0-3a75-0907-04909b7f5ba2" executionId="3ac0a7b9-545d-47a0-9d85-20f570e8267a" testListId="8c84fa94-04c1-424b-9868-57a2d4851a1d" />
    <TestEntry testId="cb4c9d95-d92f-5a50-0ffc-58c7d893dff7" executionId="2c19dd94-8d22-419a-b216-102022ae2dfe" testListId="8c84fa94-04c1-424b-9868-57a2d4851a1d" />
    <TestEntry testId="6d9e4183-ba38-6318-04d1-f23aa61e5e01" executionId="8ddf2c15-6c1b-4622-a42c-ec68570b58b8" testListId="8c84fa94-04c1-424b-9868-57a2d4851a1d" />
    <TestEntry testId="456e9593-7d68-d098-f24a-6cd1c2c089f4" executionId="27b39b3c-f760-48d3-89da-5d0f0fd4c156" testListId="8c84fa94-04c1-424b-9868-57a2d4851a1d" />
    <TestEntry testId="d4f0dce9-99fd-4031-fa07-4103dad3fab7" executionId="d4b2f7b1-a376-4f3d-9049-62081df77f73" testListId="8c84fa94-04c1-424b-9868-57a2d4851a1d" />
    <TestEntry testId="dfcf34e6-086b-3d4a-a76e-0242be4b445d" executionId="9cade81f-11f3-467c-9924-174c1cce6c57" testListId="8c84fa94-04c1-424b-9868-57a2d4851a1d" />
    <TestEntry testId="4965cfd5-a8c2-4146-836c-04e2e2e0d98a" executionId="01226ac5-a85f-4759-a9f1-3b735362bc54" testListId="8c84fa94-04c1-424b-9868-57a2d4851a1d" />
    <TestEntry testId="034caea9-eeab-3440-e256-8531dec2b2a4" executionId="5b15752e-c045-4f44-a94b-dd9d02334e5d" testListId="8c84fa94-04c1-424b-9868-57a2d4851a1d" />
    <TestEntry testId="7e3343f1-ffff-94e2-90a8-47a2383b5470" executionId="6e0e9ff7-727d-428f-bfcd-7feb0091ee51" testListId="8c84fa94-04c1-424b-9868-57a2d4851a1d" />
    <TestEntry testId="df3c7122-2265-0207-7404-2b8fe1391767" executionId="61821387-9ed0-41e2-91c8-6fd84991ed1d" testListId="8c84fa94-04c1-424b-9868-57a2d4851a1d" />
    <TestEntry testId="2fb46274-9863-0dd5-bc3a-f4e0ae36438e" executionId="a06648a3-6040-4def-85d6-44e86e3c9429" testListId="8c84fa94-04c1-424b-9868-57a2d4851a1d" />
    <TestEntry testId="c42e24cb-2a98-70b0-71b3-c0876918f2dd" executionId="8e23f0fa-1c8d-425d-9c70-4b1c56e89aac" testListId="8c84fa94-04c1-424b-9868-57a2d4851a1d" />
    <TestEntry testId="2f539c31-53e6-ee17-2369-31b9c2856ef4" executionId="023c437d-55f3-4991-85dc-f6859081399a" testListId="8c84fa94-04c1-424b-9868-57a2d4851a1d" />
    <TestEntry testId="0bba2133-5d5a-ed14-a1a6-461a28c2e701" executionId="809b0020-4441-4cc7-ba4a-79433ba8609e" testListId="8c84fa94-04c1-424b-9868-57a2d4851a1d" />
    <TestEntry testId="7ca6f564-6726-6537-dbf8-de220a2ab70c" executionId="672d9d82-e7cf-4741-b9f4-6e0676ff8bb8" testListId="8c84fa94-04c1-424b-9868-57a2d4851a1d" />
    <TestEntry testId="11d7c94b-aeb0-04f8-1aa3-8eb007fe3fbc" executionId="edb52c68-b244-49dd-b6a1-de365d67c68d" testListId="8c84fa94-04c1-424b-9868-57a2d4851a1d" />
    <TestEntry testId="4a26895c-c31a-b5f0-a833-280f2b1ca5c6" executionId="20fb1f54-2cb1-44ea-8913-780c2fcaec1e" testListId="8c84fa94-04c1-424b-9868-57a2d4851a1d" />
    <TestEntry testId="1b7114ca-ddbd-2f19-adf6-25d9e7778f8f" executionId="0725ddbe-9694-4f00-be1d-7014af8d68f1" testListId="8c84fa94-04c1-424b-9868-57a2d4851a1d" />
    <TestEntry testId="b9792a68-88a4-5292-4db5-d55d3f480519" executionId="cd23f4bb-67c8-4b85-9695-866ca2763010" testListId="8c84fa94-04c1-424b-9868-57a2d4851a1d" />
    <TestEntry testId="3b6c0fa5-8389-4bf4-62a1-078ea283289f" executionId="1c71c6b1-2eb3-4067-bbb4-bda5c9dba3bb" testListId="8c84fa94-04c1-424b-9868-57a2d4851a1d" />
    <TestEntry testId="e5cc1250-5117-32d9-ea6b-61c862301fe3" executionId="81cc340a-409e-4e1c-ab5f-2935a314c5a8" testListId="8c84fa94-04c1-424b-9868-57a2d4851a1d" />
    <TestEntry testId="5cb86b38-719e-539c-4e80-fae380422722" executionId="18e85eed-742c-4934-ac0d-aa7c35e55a34" testListId="8c84fa94-04c1-424b-9868-57a2d4851a1d" />
    <TestEntry testId="71164d48-4ff7-236c-b723-99af5193e66e" executionId="a4bd55df-8438-48bc-bfed-ee244549c172" testListId="8c84fa94-04c1-424b-9868-57a2d4851a1d" />
    <TestEntry testId="baddc6d8-a9c0-f23b-e872-ad25e00e432a" executionId="1b0d9eca-e474-4107-88a4-7b854cdb37f9" testListId="8c84fa94-04c1-424b-9868-57a2d4851a1d" />
    <TestEntry testId="a04d83b2-d2aa-c5f5-eceb-433182a290cb" executionId="006a7dfc-d084-40c8-a2b8-9d9092da8387" testListId="8c84fa94-04c1-424b-9868-57a2d4851a1d" />
    <TestEntry testId="92468d9e-b443-3e94-6ab8-f33ee396562d" executionId="e3ebbb26-b8ab-43fd-85e5-b21f34d3e912" testListId="8c84fa94-04c1-424b-9868-57a2d4851a1d" />
    <TestEntry testId="315ddbdd-7255-13ed-f0ae-f558abe3da22" executionId="b4c2470d-cc11-4002-9c33-f2f74f358918" testListId="8c84fa94-04c1-424b-9868-57a2d4851a1d" />
    <TestEntry testId="eb0292ce-9f63-fe66-83ff-a15b78431e45" executionId="258ffe0f-f8fb-40d1-b355-819c54c079af" testListId="8c84fa94-04c1-424b-9868-57a2d4851a1d" />
    <TestEntry testId="b856070c-0525-2bdb-51d3-75688ff70e34" executionId="c71e3743-d5a4-4aaa-864e-6ea6fd7cb85f" testListId="8c84fa94-04c1-424b-9868-57a2d4851a1d" />
    <TestEntry testId="67c908b8-2296-b288-6c83-d2f6acad12e8" executionId="1961e3bd-8829-41b8-b543-d817cd470816" testListId="8c84fa94-04c1-424b-9868-57a2d4851a1d" />
  </TestEntries>
  <TestLists>
    <TestList name="Results Not in a List" id="8c84fa94-04c1-424b-9868-57a2d4851a1d" />
    <TestList name="All Loaded Results" id="19431567-8539-422a-85d7-44ee4e166bda" />
  </TestLists>
  <ResultSummary outcome="Completed">
    <Counters total="489" executed="489" passed="489" failed="0" error="0" timeout="0" aborted="0" inconclusive="0" passedButRunAborted="0" notRunnable="0" notExecuted="0" disconnected="0" warning="0" completed="0" inProgress="0" pending="0" />
    <Output>
      <StdOut>[xUnit.net 00:00:00.00] xUnit.net VSTest Adapter v2.5.4.1+b9eacec401 (64-bit .NET 8.0.25)&#xD;
[xUnit.net 00:00:00.08]   Discovering: SchoolManagementSystem.Tests&#xD;
[xUnit.net 00:00:00.15]   Discovered:  SchoolManagementSystem.Tests&#xD;
[xUnit.net 00:00:00.15]   Starting:    SchoolManagementSystem.Tests&#xD;
[xUnit.net 00:00:01.88]   Finished:    SchoolManagementSystem.Tests&#xD;
</StdOut>
    </Output>
  </ResultSummary>
</TestRun>