<?xml version="1.0" encoding="utf-8"?>
<TestRun id="b5e7093f-67c6-4c01-8938-042dc6bbc209" name="islam@MONTAHERUL 2026-06-19 00:33:48" runUser="MONTAHERUL\islam" xmlns="http://microsoft.com/schemas/VisualStudio/TeamTest/2010">
  <Times creation="2026-06-19T00:33:48.4700065+06:00" queuing="2026-06-19T00:33:48.4700068+06:00" start="2026-06-19T00:33:47.8721859+06:00" finish="2026-06-19T00:33:48.4887794+06:00" />
  <TestSettings name="default" id="33541a91-8d94-45f0-976f-83c7172b7dab">
    <Deployment runDeploymentRoot="islam_MONTAHERUL_2026-06-19_00_33_48" />
  </TestSettings>
  <Results>
    <UnitTestResult executionId="4a045290-c02f-4401-aec0-0ed51612a0a7" testId="bee3213c-749d-0226-ff48-0748738f42e3" testName="Academic year filter excludes historical fee data" computerName="MONTAHERUL" duration="00:00:00.0021882" startTime="2026-06-19T00:33:48.4100872+06:00" endTime="2026-06-19T00:33:48.4100872+06:00" testType="13cdc9d9-ddb5-4fa4-a97d-d965ccfc6d4b" outcome="Passed" testListId="8c84fa94-04c1-424b-9868-57a2d4851a1d" relativeResultsDirectory="4a045290-c02f-4401-aec0-0ed51612a0a7" />
    <UnitTestResult executionId="7eb92954-f618-48b3-a9bc-3d2d93a3c1b2" testId="11d7c94b-aeb0-04f8-1aa3-8eb007fe3fbc" testName="Dashboard ViewModel can accept fee data for current academic year" computerName="MONTAHERUL" duration="00:00:00.0002754" startTime="2026-06-19T00:33:48.4113137+06:00" endTime="2026-06-19T00:33:48.4113137+06:00" testType="13cdc9d9-ddb5-4fa4-a97d-d965ccfc6d4b" outcome="Passed" testListId="8c84fa94-04c1-424b-9868-57a2d4851a1d" relativeResultsDirectory="7eb92954-f618-48b3-a9bc-3d2d93a3c1b2" />
    <UnitTestResult executionId="f19289fc-1464-4850-888f-2616d9029f19" testId="c6fcdf86-fc45-2b41-66fa-6546a09859a2" testName="Students by class counts are academic-year aware" computerName="MONTAHERUL" duration="00:00:00.0003138" startTime="2026-06-19T00:33:48.4106460+06:00" endTime="2026-06-19T00:33:48.4106461+06:00" testType="13cdc9d9-ddb5-4fa4-a97d-d965ccfc6d4b" outcome="Passed" testListId="8c84fa94-04c1-424b-9868-57a2d4851a1d" relativeResultsDirectory="f19289fc-1464-4850-888f-2616d9029f19" />
    <UnitTestResult executionId="aa45e767-a642-4ba3-8756-903233d76a3d" testId="5c0aa1c3-8b73-c8e3-adc8-38761c5a1a2e" testName="Academic year filter excludes historical admission counts" computerName="MONTAHERUL" duration="00:00:00.0049711" startTime="2026-06-19T00:33:48.4079732+06:00" endTime="2026-06-19T00:33:48.4079865+06:00" testType="13cdc9d9-ddb5-4fa4-a97d-d965ccfc6d4b" outcome="Passed" testListId="8c84fa94-04c1-424b-9868-57a2d4851a1d" relativeResultsDirectory="aa45e767-a642-4ba3-8756-903233d76a3d" />
    <UnitTestResult executionId="0454902d-a908-4be3-80cc-e09beaa8bdbc" testId="4dcdb699-888d-9041-9bec-cb09b90bde33" testName="Active academic year is loaded before dashboard data" computerName="MONTAHERUL" duration="00:00:00.0000393" startTime="2026-06-19T00:33:48.4107897+06:00" endTime="2026-06-19T00:33:48.4107897+06:00" testType="13cdc9d9-ddb5-4fa4-a97d-d965ccfc6d4b" outcome="Passed" testListId="8c84fa94-04c1-424b-9868-57a2d4851a1d" relativeResultsDirectory="0454902d-a908-4be3-80cc-e09beaa8bdbc" />
    <UnitTestResult executionId="8006a58a-ee13-4490-a4e8-328b3d377a45" testId="ada73e4e-767e-4f13-99a6-a0f7f8b8de27" testName="Academic year filter excludes historical attendance counts" computerName="MONTAHERUL" duration="00:00:00.0000487" startTime="2026-06-19T00:33:48.4113916+06:00" endTime="2026-06-19T00:33:48.4113917+06:00" testType="13cdc9d9-ddb5-4fa4-a97d-d965ccfc6d4b" outcome="Passed" testListId="8c84fa94-04c1-424b-9868-57a2d4851a1d" relativeResultsDirectory="8006a58a-ee13-4490-a4e8-328b3d377a45" />
    <UnitTestResult executionId="93d8b3e5-7b0c-4659-9105-4e3dc1231120" testId="7d8c80f2-1832-7a2d-53a1-7a02d929e7dc" testName="Dashboard monthly collections filtered by academic year" computerName="MONTAHERUL" duration="00:00:00.0001908" startTime="2026-06-19T00:33:48.4110056+06:00" endTime="2026-06-19T00:33:48.4110056+06:00" testType="13cdc9d9-ddb5-4fa4-a97d-d965ccfc6d4b" outcome="Passed" testListId="8c84fa94-04c1-424b-9868-57a2d4851a1d" relativeResultsDirectory="93d8b3e5-7b0c-4659-9105-4e3dc1231120" />
    <UnitTestResult executionId="8f966454-4b7d-4f5f-9011-56eee5c262c8" testId="c2f18b60-86ef-c2c5-1f80-c41d4a186b19" testName="Academic year filtering preserves employee metrics" computerName="MONTAHERUL" duration="00:00:00.0005892" startTime="2026-06-19T00:33:48.4102983+06:00" endTime="2026-06-19T00:33:48.4102983+06:00" testType="13cdc9d9-ddb5-4fa4-a97d-d965ccfc6d4b" outcome="Passed" testListId="8c84fa94-04c1-424b-9868-57a2d4851a1d" relativeResultsDirectory="8f966454-4b7d-4f5f-9011-56eee5c262c8" />
    <UnitTestResult executionId="c83806e7-d4c1-4ac1-af4d-d5e85cbd1155" testId="4267dd9b-203d-8b81-8988-3c335a0b67e8" testName="Null academic year returns all-time data (backward compatible)" computerName="MONTAHERUL" duration="00:00:00.0000535" startTime="2026-06-19T00:33:48.4107259+06:00" endTime="2026-06-19T00:33:48.4107259+06:00" testType="13cdc9d9-ddb5-4fa4-a97d-d965ccfc6d4b" outcome="Passed" testListId="8c84fa94-04c1-424b-9868-57a2d4851a1d" relativeResultsDirectory="c83806e7-d4c1-4ac1-af4d-d5e85cbd1155" />
    <UnitTestResult executionId="35c5dbdd-c4cd-4a6b-973d-43dea4d9d1f5" testId="78a02f8c-8352-9cb1-8ecf-408dfa7c9989" testName="Academic year filtering does not affect student card counts" computerName="MONTAHERUL" duration="00:00:00.0001226" startTime="2026-06-19T00:33:48.4316417+06:00" endTime="2026-06-19T00:33:48.4316420+06:00" testType="13cdc9d9-ddb5-4fa4-a97d-d965ccfc6d4b" outcome="Passed" testListId="8c84fa94-04c1-424b-9868-57a2d4851a1d" relativeResultsDirectory="35c5dbdd-c4cd-4a6b-973d-43dea4d9d1f5" />
  </Results>
  <TestDefinitions>
    <UnitTest name="Academic year filtering does not affect student card counts" storage="g:\project .net\schoolms\full clone\schoolmanagementsystem.tests\bin\debug\net8.0\schoolmanagementsystem.tests.dll" id="78a02f8c-8352-9cb1-8ecf-408dfa7c9989">
      <Execution id="35c5dbdd-c4cd-4a6b-973d-43dea4d9d1f5" />
      <TestMethod codeBase="G:\PROJECT .NET\SchoolMS\full clone\SchoolManagementSystem.Tests\bin\Debug\net8.0\SchoolManagementSystem.Tests.dll" adapterTypeName="executor://xunit/VsTestRunner2/netcoreapp" className="SchoolManagementSystem.Tests.Services.Phase42B4_AcademicYearFilterTests" name="AcademicYear_Filter_Does_Not_Affect_CardCounts" />
    </UnitTest>
    <UnitTest name="Active academic year is loaded before dashboard data" storage="g:\project .net\schoolms\full clone\schoolmanagementsystem.tests\bin\debug\net8.0\schoolmanagementsystem.tests.dll" id="4dcdb699-888d-9041-9bec-cb09b90bde33">
      <Execution id="0454902d-a908-4be3-80cc-e09beaa8bdbc" />
      <TestMethod codeBase="G:\PROJECT .NET\SchoolMS\full clone\SchoolManagementSystem.Tests\bin\Debug\net8.0\SchoolManagementSystem.Tests.dll" adapterTypeName="executor://xunit/VsTestRunner2/netcoreapp" className="SchoolManagementSystem.Tests.Services.Phase42B4_AcademicYearFilterTests" name="Active_AcademicYear_Loaded_Before_Dashboard" />
    </UnitTest>
    <UnitTest name="Academic year filtering preserves employee metrics" storage="g:\project .net\schoolms\full clone\schoolmanagementsystem.tests\bin\debug\net8.0\schoolmanagementsystem.tests.dll" id="c2f18b60-86ef-c2c5-1f80-c41d4a186b19">
      <Execution id="8f966454-4b7d-4f5f-9011-56eee5c262c8" />
      <TestMethod codeBase="G:\PROJECT .NET\SchoolMS\full clone\SchoolManagementSystem.Tests\bin\Debug\net8.0\SchoolManagementSystem.Tests.dll" adapterTypeName="executor://xunit/VsTestRunner2/netcoreapp" className="SchoolManagementSystem.Tests.Services.Phase42B4_AcademicYearFilterTests" name="AcademicYear_Filter_Preserves_EmployeeMetrics" />
    </UnitTest>
    <UnitTest name="Academic year filter excludes historical admission counts" storage="g:\project .net\schoolms\full clone\schoolmanagementsystem.tests\bin\debug\net8.0\schoolmanagementsystem.tests.dll" id="5c0aa1c3-8b73-c8e3-adc8-38761c5a1a2e">
      <Execution id="aa45e767-a642-4ba3-8756-903233d76a3d" />
      <TestMethod codeBase="G:\PROJECT .NET\SchoolMS\full clone\SchoolManagementSystem.Tests\bin\Debug\net8.0\SchoolManagementSystem.Tests.dll" adapterTypeName="executor://xunit/VsTestRunner2/netcoreapp" className="SchoolManagementSystem.Tests.Services.Phase42B4_AcademicYearFilterTests" name="AcademicYear_Filter_Excludes_Historical_Admissions" />
    </UnitTest>
    <UnitTest name="Students by class counts are academic-year aware" storage="g:\project .net\schoolms\full clone\schoolmanagementsystem.tests\bin\debug\net8.0\schoolmanagementsystem.tests.dll" id="c6fcdf86-fc45-2b41-66fa-6546a09859a2">
      <Execution id="f19289fc-1464-4850-888f-2616d9029f19" />
      <TestMethod codeBase="G:\PROJECT .NET\SchoolMS\full clone\SchoolManagementSystem.Tests\bin\Debug\net8.0\SchoolManagementSystem.Tests.dll" adapterTypeName="executor://xunit/VsTestRunner2/netcoreapp" className="SchoolManagementSystem.Tests.Services.Phase42B4_AcademicYearFilterTests" name="StudentsByClass_Are_AcademicYear_Aware" />
    </UnitTest>
    <UnitTest name="Dashboard ViewModel can accept fee data for current academic year" storage="g:\project .net\schoolms\full clone\schoolmanagementsystem.tests\bin\debug\net8.0\schoolmanagementsystem.tests.dll" id="11d7c94b-aeb0-04f8-1aa3-8eb007fe3fbc">
      <Execution id="7eb92954-f618-48b3-a9bc-3d2d93a3c1b2" />
      <TestMethod codeBase="G:\PROJECT .NET\SchoolMS\full clone\SchoolManagementSystem.Tests\bin\Debug\net8.0\SchoolManagementSystem.Tests.dll" adapterTypeName="executor://xunit/VsTestRunner2/netcoreapp" className="SchoolManagementSystem.Tests.Services.Phase42B4_AcademicYearFilterTests" name="Dashboard_ViewModel_Accepts_FeeData" />
    </UnitTest>
    <UnitTest name="Academic year filter excludes historical fee data" storage="g:\project .net\schoolms\full clone\schoolmanagementsystem.tests\bin\debug\net8.0\schoolmanagementsystem.tests.dll" id="bee3213c-749d-0226-ff48-0748738f42e3">
      <Execution id="4a045290-c02f-4401-aec0-0ed51612a0a7" />
      <TestMethod codeBase="G:\PROJECT .NET\SchoolMS\full clone\SchoolManagementSystem.Tests\bin\Debug\net8.0\SchoolManagementSystem.Tests.dll" adapterTypeName="executor://xunit/VsTestRunner2/netcoreapp" className="SchoolManagementSystem.Tests.Services.Phase42B4_AcademicYearFilterTests" name="AcademicYear_Filter_Excludes_Historical_Fees" />
    </UnitTest>
    <UnitTest name="Null academic year returns all-time data (backward compatible)" storage="g:\project .net\schoolms\full clone\schoolmanagementsystem.tests\bin\debug\net8.0\schoolmanagementsystem.tests.dll" id="4267dd9b-203d-8b81-8988-3c335a0b67e8">
      <Execution id="c83806e7-d4c1-4ac1-af4d-d5e85cbd1155" />
      <TestMethod codeBase="G:\PROJECT .NET\SchoolMS\full clone\SchoolManagementSystem.Tests\bin\Debug\net8.0\SchoolManagementSystem.Tests.dll" adapterTypeName="executor://xunit/VsTestRunner2/netcoreapp" className="SchoolManagementSystem.Tests.Services.Phase42B4_AcademicYearFilterTests" name="Null_AcademicYear_Returns_AllTime" />
    </UnitTest>
    <UnitTest name="Academic year filter excludes historical attendance counts" storage="g:\project .net\schoolms\full clone\schoolmanagementsystem.tests\bin\debug\net8.0\schoolmanagementsystem.tests.dll" id="ada73e4e-767e-4f13-99a6-a0f7f8b8de27">
      <Execution id="8006a58a-ee13-4490-a4e8-328b3d377a45" />
      <TestMethod codeBase="G:\PROJECT .NET\SchoolMS\full clone\SchoolManagementSystem.Tests\bin\Debug\net8.0\SchoolManagementSystem.Tests.dll" adapterTypeName="executor://xunit/VsTestRunner2/netcoreapp" className="SchoolManagementSystem.Tests.Services.Phase42B4_AcademicYearFilterTests" name="AcademicYear_Filter_Excludes_Historical_Attendance" />
    </UnitTest>
    <UnitTest name="Dashboard monthly collections filtered by academic year" storage="g:\project .net\schoolms\full clone\schoolmanagementsystem.tests\bin\debug\net8.0\schoolmanagementsystem.tests.dll" id="7d8c80f2-1832-7a2d-53a1-7a02d929e7dc">
      <Execution id="93d8b3e5-7b0c-4659-9105-4e3dc1231120" />
      <TestMethod codeBase="G:\PROJECT .NET\SchoolMS\full clone\SchoolManagementSystem.Tests\bin\Debug\net8.0\SchoolManagementSystem.Tests.dll" adapterTypeName="executor://xunit/VsTestRunner2/netcoreapp" className="SchoolManagementSystem.Tests.Services.Phase42B4_AcademicYearFilterTests" name="MonthlyCollections_Filtered_By_AcademicYear" />
    </UnitTest>
  </TestDefinitions>
  <TestEntries>
    <TestEntry testId="bee3213c-749d-0226-ff48-0748738f42e3" executionId="4a045290-c02f-4401-aec0-0ed51612a0a7" testListId="8c84fa94-04c1-424b-9868-57a2d4851a1d" />
    <TestEntry testId="11d7c94b-aeb0-04f8-1aa3-8eb007fe3fbc" executionId="7eb92954-f618-48b3-a9bc-3d2d93a3c1b2" testListId="8c84fa94-04c1-424b-9868-57a2d4851a1d" />
    <TestEntry testId="c6fcdf86-fc45-2b41-66fa-6546a09859a2" executionId="f19289fc-1464-4850-888f-2616d9029f19" testListId="8c84fa94-04c1-424b-9868-57a2d4851a1d" />
    <TestEntry testId="5c0aa1c3-8b73-c8e3-adc8-38761c5a1a2e" executionId="aa45e767-a642-4ba3-8756-903233d76a3d" testListId="8c84fa94-04c1-424b-9868-57a2d4851a1d" />
    <TestEntry testId="4dcdb699-888d-9041-9bec-cb09b90bde33" executionId="0454902d-a908-4be3-80cc-e09beaa8bdbc" testListId="8c84fa94-04c1-424b-9868-57a2d4851a1d" />
    <TestEntry testId="ada73e4e-767e-4f13-99a6-a0f7f8b8de27" executionId="8006a58a-ee13-4490-a4e8-328b3d377a45" testListId="8c84fa94-04c1-424b-9868-57a2d4851a1d" />
    <TestEntry testId="7d8c80f2-1832-7a2d-53a1-7a02d929e7dc" executionId="93d8b3e5-7b0c-4659-9105-4e3dc1231120" testListId="8c84fa94-04c1-424b-9868-57a2d4851a1d" />
    <TestEntry testId="c2f18b60-86ef-c2c5-1f80-c41d4a186b19" executionId="8f966454-4b7d-4f5f-9011-56eee5c262c8" testListId="8c84fa94-04c1-424b-9868-57a2d4851a1d" />
    <TestEntry testId="4267dd9b-203d-8b81-8988-3c335a0b67e8" executionId="c83806e7-d4c1-4ac1-af4d-d5e85cbd1155" testListId="8c84fa94-04c1-424b-9868-57a2d4851a1d" />
    <TestEntry testId="78a02f8c-8352-9cb1-8ecf-408dfa7c9989" executionId="35c5dbdd-c4cd-4a6b-973d-43dea4d9d1f5" testListId="8c84fa94-04c1-424b-9868-57a2d4851a1d" />
  </TestEntries>
  <TestLists>
    <TestList name="Results Not in a List" id="8c84fa94-04c1-424b-9868-57a2d4851a1d" />
    <TestList name="All Loaded Results" id="19431567-8539-422a-85d7-44ee4e166bda" />
  </TestLists>
  <ResultSummary outcome="Completed">
    <Counters total="10" executed="10" passed="10" failed="0" error="0" timeout="0" aborted="0" inconclusive="0" passedButRunAborted="0" notRunnable="0" notExecuted="0" disconnected="0" warning="0" completed="0" inProgress="0" pending="0" />
    <Output>
      <StdOut>[xUnit.net 00:00:00.00] xUnit.net VSTest Adapter v2.5.4.1+b9eacec401 (64-bit .NET 8.0.25)&#xD;
[xUnit.net 00:00:00.08]   Discovering: SchoolManagementSystem.Tests&#xD;
[xUnit.net 00:00:00.14]   Discovered:  SchoolManagementSystem.Tests&#xD;
[xUnit.net 00:00:00.14]   Starting:    SchoolManagementSystem.Tests&#xD;
[xUnit.net 00:00:00.21]   Finished:    SchoolManagementSystem.Tests&#xD;
</StdOut>
    </Output>
  </ResultSummary>
</TestRun>